<?xml version="1.0" encoding="UTF-8"?>
<testsuite name="WallServiceTest" tests="3" skipped="0" failures="3" errors="0" timestamp="2021-08-03T13:00:13" hostname="DESKTOP-9J2UKKD" time="0.743">
  <properties/>
  <testcase name="notUpdateExisting" classname="WallServiceTest" time="0.489">
    <failure message="java.lang.StackOverflowError" type="java.lang.StackOverflowError">java.lang.StackOverflowError
	at FirstFrame.&lt;init&gt;(FirstFrame.kt)
	at FirstFrame.&lt;init&gt;(FirstFrame.kt:11)
	at FirstFrame.&lt;init&gt;(FirstFrame.kt:11)
	at FirstFrame.&lt;init&gt;(FirstFrame.kt:11)
	at FirstFrame.&lt;init&gt;(FirstFrame.kt:11)
	at FirstFrame.&lt;init&gt;(FirstFrame.kt:11)
	at FirstFrame.&lt;init&gt;(FirstFrame.kt:11)
	at FirstFrame.&lt;init&gt;(FirstFrame.kt:11)
	at FirstFrame.&lt;init&gt;(FirstFrame.kt:11)
	at FirstFrame.&lt;init&gt;(FirstFrame.kt:11)
	at FirstFrame.&lt;init&gt;(FirstFrame.kt:11)
	at FirstFrame.&lt;init&gt;(FirstFrame.kt:11)
	at FirstFrame.&lt;init&gt;(FirstFrame.kt:11)
	at FirstFrame.&lt;init&gt;(FirstFrame.kt:11)
	at FirstFrame.&lt;init&gt;(FirstFrame.kt:11)
	at FirstFrame.&lt;init&gt;(FirstFrame.kt:11)
	at FirstFrame.&lt;init&gt;(FirstFrame.kt:11)
	at FirstFrame.&lt;init&gt;(FirstFrame.kt:11)
	at FirstFrame.&lt;init&gt;(FirstFrame.kt:11)
	at FirstFrame.&lt;init&gt;(FirstFrame.kt:11)
	at FirstFrame.&lt;init&gt;(FirstFrame.kt:11)
	at FirstFrame.&lt;init&gt;(FirstFrame.kt:11)
	at FirstFrame.&lt;init&gt;(FirstFrame.kt:11)
	at FirstFrame.&lt;init&gt;(FirstFrame.kt:11)
	at FirstFrame.&lt;init&gt;(FirstFrame.kt:11)
	at FirstFrame.&lt;init&gt;(FirstFrame.kt:11)
	at FirstFrame.&lt;init&gt;(FirstFrame.kt:11)
	at FirstFrame.&lt;init&gt;(FirstFrame.kt:11)
	at FirstFrame.&lt;init&gt;(FirstFrame.kt:11)
	at FirstFrame.&lt;init&gt;(FirstFrame.kt:11)
	at FirstFrame.&lt;init&gt;(FirstFrame.kt:11)
	at FirstFrame.&lt;init&gt;(FirstFrame.kt:11)
	at FirstFrame.&lt;init&gt;(FirstFrame.kt:11)
	at FirstFrame.&lt;init&gt;(FirstFrame.kt:11)
	at FirstFrame.&lt;init&gt;(FirstFrame.kt:11)
	at FirstFrame.&lt;init&gt;(FirstFrame.kt:11)
	at FirstFrame.&lt;init&gt;(FirstFrame.kt:11)
	at FirstFrame.&lt;init&gt;(FirstFrame.kt:11)
	at FirstFrame.&lt;init&gt;(FirstFrame.kt:11)
	at FirstFrame.&lt;init&gt;(FirstFrame.kt:11)
	at FirstFrame.&lt;init&gt;(FirstFrame.kt:11)
	at FirstFrame.&lt;init&gt;(FirstFrame.kt:11)
	at FirstFrame.&lt;init&gt;(FirstFrame.kt:11)
	at FirstFrame.&lt;init&gt;(FirstFrame.kt:11)
	at FirstFrame.&lt;init&gt;(FirstFrame.kt:11)
	at FirstFrame.&lt;init&gt;(FirstFrame.kt:11)
	at FirstFrame.&lt;init&gt;(FirstFrame.kt:11)
	at FirstFrame.&lt;init&gt;(FirstFrame.kt:11)
	at FirstFrame.&lt;init&gt;(FirstFrame.kt:11)
	at FirstFrame.&lt;init&gt;(FirstFrame.kt:11)
	at FirstFrame.&lt;init&gt;(FirstFrame.kt:11)
	at FirstFrame.&lt;init&gt;(FirstFrame.kt:11)
	at FirstFrame.&lt;init&gt;(FirstFrame.kt:11)
	at FirstFrame.&lt;init&gt;(FirstFrame.kt:11)
	at FirstFrame.&lt;init&gt;(FirstFrame.kt:11)
	at FirstFrame.&lt;init&gt;(FirstFrame.kt:11)
	at FirstFrame.&lt;init&gt;(FirstFrame.kt:11)
	at FirstFrame.&lt;init&gt;(FirstFrame.kt:11)
	at FirstFrame.&lt;init&gt;(FirstFrame.kt:11)
	at FirstFrame.&lt;init&gt;(FirstFrame.kt:11)
	at FirstFrame.&lt;init&gt;(FirstFrame.kt:11)
	at FirstFrame.&lt;init&gt;(FirstFrame.kt:11)
	at FirstFrame.&lt;init&gt;(FirstFrame.kt:11)
	at FirstFrame.&lt;init&gt;(FirstFrame.kt:11)
	at FirstFrame.&lt;init&gt;(FirstFrame.kt:11)
	at FirstFrame.&lt;init&gt;(FirstFrame.kt:11)
	at FirstFrame.&lt;init&gt;(FirstFrame.kt:11)
	at FirstFrame.&lt;init&gt;(FirstFrame.kt:11)
	at FirstFrame.&lt;init&gt;(FirstFrame.kt:11)
	at FirstFrame.&lt;init&gt;(FirstFrame.kt:11)
	at FirstFrame.&lt;init&gt;(FirstFrame.kt:11)
	at FirstFrame.&lt;init&gt;(FirstFrame.kt:11)
	at FirstFrame.&lt;init&gt;(FirstFrame.kt:11)
	at FirstFrame.&lt;init&gt;(FirstFrame.kt:11)
	at FirstFrame.&lt;init&gt;(FirstFrame.kt:11)
	at FirstFrame.&lt;init&gt;(FirstFrame.kt:11)
	at FirstFrame.&lt;init&gt;(FirstFrame.kt:11)
	at FirstFrame.&lt;init&gt;(FirstFrame.kt:11)
	at FirstFrame.&lt;init&gt;(FirstFrame.kt:11)
	at FirstFrame.&lt;init&gt;(FirstFrame.kt:11)
	at FirstFrame.&lt;init&gt;(FirstFrame.kt:11)
	at FirstFrame.&lt;init&gt;(FirstFrame.kt:11)
	at FirstFrame.&lt;init&gt;(FirstFrame.kt:11)
	at FirstFrame.&lt;init&gt;(FirstFrame.kt:11)
	at FirstFrame.&lt;init&gt;(FirstFrame.kt:11)
	at FirstFrame.&lt;init&gt;(FirstFrame.kt:11)
	at FirstFrame.&lt;init&gt;(FirstFrame.kt:11)
	at FirstFrame.&lt;init&gt;(FirstFrame.kt:11)
	at FirstFrame.&lt;init&gt;(FirstFrame.kt:11)
	at FirstFrame.&lt;init&gt;(FirstFrame.kt:11)
	at FirstFrame.&lt;init&gt;(FirstFrame.kt:11)
	at FirstFrame.&lt;init&gt;(FirstFrame.kt:11)
	at FirstFrame.&lt;init&gt;(FirstFrame.kt:11)
	at FirstFrame.&lt;init&gt;(FirstFrame.kt:11)
	at FirstFrame.&lt;init&gt;(FirstFrame.kt:11)
	at FirstFrame.&lt;init&gt;(FirstFrame.kt:11)
	at FirstFrame.&lt;init&gt;(FirstFrame.kt:11)
	at FirstFrame.&lt;init&gt;(FirstFrame.kt:11)
	at FirstFrame.&lt;init&gt;(FirstFrame.kt:11)
	at FirstFrame.&lt;init&gt;(FirstFrame.kt:11)
	at FirstFrame.&lt;init&gt;(FirstFrame.kt:11)
	at FirstFrame.&lt;init&gt;(FirstFrame.kt:11)
	at FirstFrame.&lt;init&gt;(FirstFrame.kt:11)
	at FirstFrame.&lt;init&gt;(FirstFrame.kt:11)
	at FirstFrame.&lt;init&gt;(FirstFrame.kt:11)
	at FirstFrame.&lt;init&gt;(FirstFrame.kt:11)
	at FirstFrame.&lt;init&gt;(FirstFrame.kt:11)
	at FirstFrame.&lt;init&gt;(FirstFrame.kt:11)
	at FirstFrame.&lt;init&gt;(FirstFrame.kt:11)
	at FirstFrame.&lt;init&gt;(FirstFrame.kt:11)
	at FirstFrame.&lt;init&gt;(FirstFrame.kt:11)
	at FirstFrame.&lt;init&gt;(FirstFrame.kt:11)
	at FirstFrame.&lt;init&gt;(FirstFrame.kt:11)
	at FirstFrame.&lt;init&gt;(FirstFrame.kt:11)
	at FirstFrame.&lt;init&gt;(FirstFrame.kt:11)
	at FirstFrame.&lt;init&gt;(FirstFrame.kt:11)
	at FirstFrame.&lt;init&gt;(FirstFrame.kt:11)
	at FirstFrame.&lt;init&gt;(FirstFrame.kt:11)
	at FirstFrame.&lt;init&gt;(FirstFrame.kt:11)
	at FirstFrame.&lt;init&gt;(FirstFrame.kt:11)
	at FirstFrame.&lt;init&gt;(FirstFrame.kt:11)
	at FirstFrame.&lt;init&gt;(FirstFrame.kt:11)
	at FirstFrame.&lt;init&gt;(FirstFrame.kt:11)
	at FirstFrame.&lt;init&gt;(FirstFrame.kt:11)
	at FirstFrame.&lt;init&gt;(FirstFrame.kt:11)
	at FirstFrame.&lt;init&gt;(FirstFrame.kt:11)
	at FirstFrame.&lt;init&gt;(FirstFrame.kt:11)
	at FirstFrame.&lt;init&gt;(FirstFrame.kt:11)
	at FirstFrame.&lt;init&gt;(FirstFrame.kt:11)
	at FirstFrame.&lt;init&gt;(FirstFrame.kt:11)
	at FirstFrame.&lt;init&gt;(FirstFrame.kt:11)
	at FirstFrame.&lt;init&gt;(FirstFrame.kt:11)
	at FirstFrame.&lt;init&gt;(FirstFrame.kt:11)
	at FirstFrame.&lt;init&gt;(FirstFrame.kt:11)
	at FirstFrame.&lt;init&gt;(FirstFrame.kt:11)
	at FirstFrame.&lt;init&gt;(FirstFrame.kt:11)
	at FirstFrame.&lt;init&gt;(FirstFrame.kt:11)
	at FirstFrame.&lt;init&gt;(FirstFrame.kt:11)
	at FirstFrame.&lt;init&gt;(FirstFrame.kt:11)
	at FirstFrame.&lt;init&gt;(FirstFrame.kt:11)
	at FirstFrame.&lt;init&gt;(FirstFrame.kt:11)
	at FirstFrame.&lt;init&gt;(FirstFrame.kt:11)
	at FirstFrame.&lt;init&gt;(FirstFrame.kt:11)
	at FirstFrame.&lt;init&gt;(FirstFrame.kt:11)
	at FirstFrame.&lt;init&gt;(FirstFrame.kt:11)
	at FirstFrame.&lt;init&gt;(FirstFrame.kt:11)
	at FirstFrame.&lt;init&gt;(FirstFrame.kt:11)
	at FirstFrame.&lt;init&gt;(FirstFrame.kt:11)
	at FirstFrame.&lt;init&gt;(FirstFrame.kt:11)
	at FirstFrame.&lt;init&gt;(FirstFrame.kt:11)
	at FirstFrame.&lt;init&gt;(FirstFrame.kt:11)
	at FirstFrame.&lt;init&gt;(FirstFrame.kt:11)
	at FirstFrame.&lt;init&gt;(FirstFrame.kt:11)
	at FirstFrame.&lt;init&gt;(FirstFrame.kt:11)
	at FirstFrame.&lt;init&gt;(FirstFrame.kt:11)
	at FirstFrame.&lt;init&gt;(FirstFrame.kt:11)
	at FirstFrame.&lt;init&gt;(FirstFrame.kt:11)
	at FirstFrame.&lt;init&gt;(FirstFrame.kt:11)
	at FirstFrame.&lt;init&gt;(FirstFrame.kt:11)
	at FirstFrame.&lt;init&gt;(FirstFrame.kt:11)
	at FirstFrame.&lt;init&gt;(FirstFrame.kt:11)
	at FirstFrame.&lt;init&gt;(FirstFrame.kt:11)
	at FirstFrame.&lt;init&gt;(FirstFrame.kt:11)
	at FirstFrame.&lt;init&gt;(FirstFrame.kt:11)
	at FirstFrame.&lt;init&gt;(FirstFrame.kt:11)
	at FirstFrame.&lt;init&gt;(FirstFrame.kt:11)
	at FirstFrame.&lt;init&gt;(FirstFrame.kt:11)
	at FirstFrame.&lt;init&gt;(FirstFrame.kt:11)
	at FirstFrame.&lt;init&gt;(FirstFrame.kt:11)
	at FirstFrame.&lt;init&gt;(FirstFrame.kt:11)
	at FirstFrame.&lt;init&gt;(FirstFrame.kt:11)
	at FirstFrame.&lt;init&gt;(FirstFrame.kt:11)
	at FirstFrame.&lt;init&gt;(FirstFrame.kt:11)
	at FirstFrame.&lt;init&gt;(FirstFrame.kt:11)
	at FirstFrame.&lt;init&gt;(FirstFrame.kt:11)
	at FirstFrame.&lt;init&gt;(FirstFrame.kt:11)
	at FirstFrame.&lt;init&gt;(FirstFrame.kt:11)
	at FirstFrame.&lt;init&gt;(FirstFrame.kt:11)
	at FirstFrame.&lt;init&gt;(FirstFrame.kt:11)
	at FirstFrame.&lt;init&gt;(FirstFrame.kt:11)
	at FirstFrame.&lt;init&gt;(FirstFrame.kt:11)
	at FirstFrame.&lt;init&gt;(FirstFrame.kt:11)
	at FirstFrame.&lt;init&gt;(FirstFrame.kt:11)
	at FirstFrame.&lt;init&gt;(FirstFrame.kt:11)
	at FirstFrame.&lt;init&gt;(FirstFrame.kt:11)
	at FirstFrame.&lt;init&gt;(FirstFrame.kt:11)
	at FirstFrame.&lt;init&gt;(FirstFrame.kt:11)
	at FirstFrame.&lt;init&gt;(FirstFrame.kt:11)
	at FirstFrame.&lt;init&gt;(FirstFrame.kt:11)
	at FirstFrame.&lt;init&gt;(FirstFrame.kt:11)
	at FirstFrame.&lt;init&gt;(FirstFrame.kt:11)
	at FirstFrame.&lt;init&gt;(FirstFrame.kt:11)
	at FirstFrame.&lt;init&gt;(FirstFrame.kt:11)
	at FirstFrame.&lt;init&gt;(FirstFrame.kt:11)
	at FirstFrame.&lt;init&gt;(FirstFrame.kt:11)
	at FirstFrame.&lt;init&gt;(FirstFrame.kt:11)
	at FirstFrame.&lt;init&gt;(FirstFrame.kt:11)
	at FirstFrame.&lt;init&gt;(FirstFrame.kt:11)
	at FirstFrame.&lt;init&gt;(FirstFrame.kt:11)
	at FirstFrame.&lt;init&gt;(FirstFrame.kt:11)
	at FirstFrame.&lt;init&gt;(FirstFrame.kt:11)
	at FirstFrame.&lt;init&gt;(FirstFrame.kt:11)
	at FirstFrame.&lt;init&gt;(FirstFrame.kt:11)
	at FirstFrame.&lt;init&gt;(FirstFrame.kt:11)
	at FirstFrame.&lt;init&gt;(FirstFrame.kt:11)
	at FirstFrame.&lt;init&gt;(FirstFrame.kt:11)
	at FirstFrame.&lt;init&gt;(FirstFrame.kt:11)
	at FirstFrame.&lt;init&gt;(FirstFrame.kt:11)
	at FirstFrame.&lt;init&gt;(FirstFrame.kt:11)
	at FirstFrame.&lt;init&gt;(FirstFrame.kt:11)
	at FirstFrame.&lt;init&gt;(FirstFrame.kt:11)
	at FirstFrame.&lt;init&gt;(FirstFrame.kt:11)
	at FirstFrame.&lt;init&gt;(FirstFrame.kt:11)
	at FirstFrame.&lt;init&gt;(FirstFrame.kt:11)
	at FirstFrame.&lt;init&gt;(FirstFrame.kt:11)
	at FirstFrame.&lt;init&gt;(FirstFrame.kt:11)
	at FirstFrame.&lt;init&gt;(FirstFrame.kt:11)
	at FirstFrame.&lt;init&gt;(FirstFrame.kt:11)
	at FirstFrame.&lt;init&gt;(FirstFrame.kt:11)
	at FirstFrame.&lt;init&gt;(FirstFrame.kt:11)
	at FirstFrame.&lt;init&gt;(FirstFrame.kt:11)
	at FirstFrame.&lt;init&gt;(FirstFrame.kt:11)
	at FirstFrame.&lt;init&gt;(FirstFrame.kt:11)
	at FirstFrame.&lt;init&gt;(FirstFrame.kt:11)
	at FirstFrame.&lt;init&gt;(FirstFrame.kt:11)
	at FirstFrame.&lt;init&gt;(FirstFrame.kt:11)
	at FirstFrame.&lt;init&gt;(FirstFrame.kt:11)
	at FirstFrame.&lt;init&gt;(FirstFrame.kt:11)
	at FirstFrame.&lt;init&gt;(FirstFrame.kt:11)
	at FirstFrame.&lt;init&gt;(FirstFrame.kt:11)
	at FirstFrame.&lt;init&gt;(FirstFrame.kt:11)
	at FirstFrame.&lt;init&gt;(FirstFrame.kt:11)
	at FirstFrame.&lt;init&gt;(FirstFrame.kt:11)
	at FirstFrame.&lt;init&gt;(FirstFrame.kt:11)
	at FirstFrame.&lt;init&gt;(FirstFrame.kt:11)
	at FirstFrame.&lt;init&gt;(FirstFrame.kt:11)
	at FirstFrame.&lt;init&gt;(FirstFrame.kt:11)
	at FirstFrame.&lt;init&gt;(FirstFrame.kt:11)
	at FirstFrame.&lt;init&gt;(FirstFrame.kt:11)
	at FirstFrame.&lt;init&gt;(FirstFrame.kt:11)
	at FirstFrame.&lt;init&gt;(FirstFrame.kt:11)
	at FirstFrame.&lt;init&gt;(FirstFrame.kt:11)
	at FirstFrame.&lt;init&gt;(FirstFrame.kt:11)
	at FirstFrame.&lt;init&gt;(FirstFrame.kt:11)
	at FirstFrame.&lt;init&gt;(FirstFrame.kt:11)
	at FirstFrame.&lt;init&gt;(FirstFrame.kt:11)
	at FirstFrame.&lt;init&gt;(FirstFrame.kt:11)
	at FirstFrame.&lt;init&gt;(FirstFrame.kt:11)
	at FirstFrame.&lt;init&gt;(FirstFrame.kt:11)
	at FirstFrame.&lt;init&gt;(FirstFrame.kt:11)
	at FirstFrame.&lt;init&gt;(FirstFrame.kt:11)
	at FirstFrame.&lt;init&gt;(FirstFrame.kt:11)
	at FirstFrame.&lt;init&gt;(FirstFrame.kt:11)
	at FirstFrame.&lt;init&gt;(FirstFrame.kt:11)
	at FirstFrame.&lt;init&gt;(FirstFrame.kt:11)
	at FirstFrame.&lt;init&gt;(FirstFrame.kt:11)
	at FirstFrame.&lt;init&gt;(FirstFrame.kt:11)
	at FirstFrame.&lt;init&gt;(FirstFrame.kt:11)
	at FirstFrame.&lt;init&gt;(FirstFrame.kt:11)
	at FirstFrame.&lt;init&gt;(FirstFrame.kt:11)
	at FirstFrame.&lt;init&gt;(FirstFrame.kt:11)
	at FirstFrame.&lt;init&gt;(FirstFrame.kt:11)
	at FirstFrame.&lt;init&gt;(FirstFrame.kt:11)
	at FirstFrame.&lt;init&gt;(FirstFrame.kt:11)
	at FirstFrame.&lt;init&gt;(FirstFrame.kt:11)
	at FirstFrame.&lt;init&gt;(FirstFrame.kt:11)
	at FirstFrame.&lt;init&gt;(FirstFrame.kt:11)
	at FirstFrame.&lt;init&gt;(FirstFrame.kt:11)
	at FirstFrame.&lt;init&gt;(FirstFrame.kt:11)
	at FirstFrame.&lt;init&gt;(FirstFrame.kt:11)
	at FirstFrame.&lt;init&gt;(FirstFrame.kt:11)
	at FirstFrame.&lt;init&gt;(FirstFrame.kt:11)
	at FirstFrame.&lt;init&gt;(FirstFrame.kt:11)
	at FirstFrame.&lt;init&gt;(FirstFrame.kt:11)
	at FirstFrame.&lt;init&gt;(FirstFrame.kt:11)
	at FirstFrame.&lt;init&gt;(FirstFrame.kt:11)
	at FirstFrame.&lt;init&gt;(FirstFrame.kt:11)
	at FirstFrame.&lt;init&gt;(FirstFrame.kt:11)
	at FirstFrame.&lt;init&gt;(FirstFrame.kt:11)
	at FirstFrame.&lt;init&gt;(FirstFrame.kt:11)
	at FirstFrame.&lt;init&gt;(FirstFrame.kt:11)
	at FirstFrame.&lt;init&gt;(FirstFrame.kt:11)
	at FirstFrame.&lt;init&gt;(FirstFrame.kt:11)
	at FirstFrame.&lt;init&gt;(FirstFrame.kt:11)
	at FirstFrame.&lt;init&gt;(FirstFrame.kt:11)
	at FirstFrame.&lt;init&gt;(FirstFrame.kt:11)
	at FirstFrame.&lt;init&gt;(FirstFrame.kt:11)
	at FirstFrame.&lt;init&gt;(FirstFrame.kt:11)
	at FirstFrame.&lt;init&gt;(FirstFrame.kt:11)
	at FirstFrame.&lt;init&gt;(FirstFrame.kt:11)
	at FirstFrame.&lt;init&gt;(FirstFrame.kt:11)
	at FirstFrame.&lt;init&gt;(FirstFrame.kt:11)
	at FirstFrame.&lt;init&gt;(FirstFrame.kt:11)
	at FirstFrame.&lt;init&gt;(FirstFrame.kt:11)
	at FirstFrame.&lt;init&gt;(FirstFrame.kt:11)
	at FirstFrame.&lt;init&gt;(FirstFrame.kt:11)
	at FirstFrame.&lt;init&gt;(FirstFrame.kt:11)
	at FirstFrame.&lt;init&gt;(FirstFrame.kt:11)
	at FirstFrame.&lt;init&gt;(FirstFrame.kt:11)
	at FirstFrame.&lt;init&gt;(FirstFrame.kt:11)
	at FirstFrame.&lt;init&gt;(FirstFrame.kt:11)
	at FirstFrame.&lt;init&gt;(FirstFrame.kt:11)
	at FirstFrame.&lt;init&gt;(FirstFrame.kt:11)
	at FirstFrame.&lt;init&gt;(FirstFrame.kt:11)
	at FirstFrame.&lt;init&gt;(FirstFrame.kt:11)
	at FirstFrame.&lt;init&gt;(FirstFrame.kt:11)
	at FirstFrame.&lt;init&gt;(FirstFrame.kt:11)
	at FirstFrame.&lt;init&gt;(FirstFrame.kt:11)
	at FirstFrame.&lt;init&gt;(FirstFrame.kt:11)
	at FirstFrame.&lt;init&gt;(FirstFrame.kt:11)
	at FirstFrame.&lt;init&gt;(FirstFrame.kt:11)
	at FirstFrame.&lt;init&gt;(FirstFrame.kt:11)
	at FirstFrame.&lt;init&gt;(FirstFrame.kt:11)
	at FirstFrame.&lt;init&gt;(FirstFrame.kt:11)
	at FirstFrame.&lt;init&gt;(FirstFrame.kt:11)
	at FirstFrame.&lt;init&gt;(FirstFrame.kt:11)
	at FirstFrame.&lt;init&gt;(FirstFrame.kt:11)
	at FirstFrame.&lt;init&gt;(FirstFrame.kt:11)
	at FirstFrame.&lt;init&gt;(FirstFrame.kt:11)
	at FirstFrame.&lt;init&gt;(FirstFrame.kt:11)
	at FirstFrame.&lt;init&gt;(FirstFrame.kt:11)
	at FirstFrame.&lt;init&gt;(FirstFrame.kt:11)
	at FirstFrame.&lt;init&gt;(FirstFrame.kt:11)
	at FirstFrame.&lt;init&gt;(FirstFrame.kt:11)
	at FirstFrame.&lt;init&gt;(FirstFrame.kt:11)
	at FirstFrame.&lt;init&gt;(FirstFrame.kt:11)
	at FirstFrame.&lt;init&gt;(FirstFrame.kt:11)
	at FirstFrame.&lt;init&gt;(FirstFrame.kt:11)
	at FirstFrame.&lt;init&gt;(FirstFrame.kt:11)
	at FirstFrame.&lt;init&gt;(FirstFrame.kt:11)
	at FirstFrame.&lt;init&gt;(FirstFrame.kt:11)
	at FirstFrame.&lt;init&gt;(FirstFrame.kt:11)
	at FirstFrame.&lt;init&gt;(FirstFrame.kt:11)
	at FirstFrame.&lt;init&gt;(FirstFrame.kt:11)
	at FirstFrame.&lt;init&gt;(FirstFrame.kt:11)
	at FirstFrame.&lt;init&gt;(FirstFrame.kt:11)
	at FirstFrame.&lt;init&gt;(FirstFrame.kt:11)
	at FirstFrame.&lt;init&gt;(FirstFrame.kt:11)
	at FirstFrame.&lt;init&gt;(FirstFrame.kt:11)
	at FirstFrame.&lt;init&gt;(FirstFrame.kt:11)
	at FirstFrame.&lt;init&gt;(FirstFrame.kt:11)
	at FirstFrame.&lt;init&gt;(FirstFrame.kt:11)
	at FirstFrame.&lt;init&gt;(FirstFrame.kt:11)
	at FirstFrame.&lt;init&gt;(FirstFrame.kt:11)
	at FirstFrame.&lt;init&gt;(FirstFrame.kt:11)
	at FirstFrame.&lt;init&gt;(FirstFrame.kt:11)
	at FirstFrame.&lt;init&gt;(FirstFrame.kt:11)
	at FirstFrame.&lt;init&gt;(FirstFrame.kt:11)
	at FirstFrame.&lt;init&gt;(FirstFrame.kt:11)
	at FirstFrame.&lt;init&gt;(FirstFrame.kt:11)
	at FirstFrame.&lt;init&gt;(FirstFrame.kt:11)
	at FirstFrame.&lt;init&gt;(FirstFrame.kt:11)
	at FirstFrame.&lt;init&gt;(FirstFrame.kt:11)
	at FirstFrame.&lt;init&gt;(FirstFrame.kt:11)
	at FirstFrame.&lt;init&gt;(FirstFrame.kt:11)
	at FirstFrame.&lt;init&gt;(FirstFrame.kt:11)
	at FirstFrame.&lt;init&gt;(FirstFrame.kt:11)
	at FirstFrame.&lt;init&gt;(FirstFrame.kt:11)
	at FirstFrame.&lt;init&gt;(FirstFrame.kt:11)
	at FirstFrame.&lt;init&gt;(FirstFrame.kt:11)
	at FirstFrame.&lt;init&gt;(FirstFrame.kt:11)
	at FirstFrame.&lt;init&gt;(FirstFrame.kt:11)
	at FirstFrame.&lt;init&gt;(FirstFrame.kt:11)
	at FirstFrame.&lt;init&gt;(FirstFrame.kt:11)
	at FirstFrame.&lt;init&gt;(FirstFrame.kt:11)
	at FirstFrame.&lt;init&gt;(FirstFrame.kt:11)
	at FirstFrame.&lt;init&gt;(FirstFrame.kt:11)
	at FirstFrame.&lt;init&gt;(FirstFrame.kt:11)
	at FirstFrame.&lt;init&gt;(FirstFrame.kt:11)
	at FirstFrame.&lt;init&gt;(FirstFrame.kt:11)
	at FirstFrame.&lt;init&gt;(FirstFrame.kt:11)
	at FirstFrame.&lt;init&gt;(FirstFrame.kt:11)
	at FirstFrame.&lt;init&gt;(FirstFrame.kt:11)
	at FirstFrame.&lt;init&gt;(FirstFrame.kt:11)
	at FirstFrame.&lt;init&gt;(FirstFrame.kt:11)
	at FirstFrame.&lt;init&gt;(FirstFrame.kt:11)
	at FirstFrame.&lt;init&gt;(FirstFrame.kt:11)
	at FirstFrame.&lt;init&gt;(FirstFrame.kt:11)
	at FirstFrame.&lt;init&gt;(FirstFrame.kt:11)
	at FirstFrame.&lt;init&gt;(FirstFrame.kt:11)
	at FirstFrame.&lt;init&gt;(FirstFrame.kt:11)
	at FirstFrame.&lt;init&gt;(FirstFrame.kt:11)
	at FirstFrame.&lt;init&gt;(FirstFrame.kt:11)
	at FirstFrame.&lt;init&gt;(FirstFrame.kt:11)
	at FirstFrame.&lt;init&gt;(FirstFrame.kt:11)
	at FirstFrame.&lt;init&gt;(FirstFrame.kt:11)
	at FirstFrame.&lt;init&gt;(FirstFrame.kt:11)
	at FirstFrame.&lt;init&gt;(FirstFrame.kt:11)
	at FirstFrame.&lt;init&gt;(FirstFrame.kt:11)
	at FirstFrame.&lt;init&gt;(FirstFrame.kt:11)
	at FirstFrame.&lt;init&gt;(FirstFrame.kt:11)
	at FirstFrame.&lt;init&gt;(FirstFrame.kt:11)
	at FirstFrame.&lt;init&gt;(FirstFrame.kt:11)
	at FirstFrame.&lt;init&gt;(FirstFrame.kt:11)
	at FirstFrame.&lt;init&gt;(FirstFrame.kt:11)
	at FirstFrame.&lt;init&gt;(FirstFrame.kt:11)
	at FirstFrame.&lt;init&gt;(FirstFrame.kt:11)
	at FirstFrame.&lt;init&gt;(FirstFrame.kt:11)
	at FirstFrame.&lt;init&gt;(FirstFrame.kt:11)
	at FirstFrame.&lt;init&gt;(FirstFrame.kt:11)
	at FirstFrame.&lt;init&gt;(FirstFrame.kt:11)
	at FirstFrame.&lt;init&gt;(FirstFrame.kt:11)
	at FirstFrame.&lt;init&gt;(FirstFrame.kt:11)
	at FirstFrame.&lt;init&gt;(FirstFrame.kt:11)
	at FirstFrame.&lt;init&gt;(FirstFrame.kt:11)
	at FirstFrame.&lt;init&gt;(FirstFrame.kt:11)
	at FirstFrame.&lt;init&gt;(FirstFrame.kt:11)
	at FirstFrame.&lt;init&gt;(FirstFrame.kt:11)
	at FirstFrame.&lt;init&gt;(FirstFrame.kt:11)
	at FirstFrame.&lt;init&gt;(FirstFrame.kt:11)
	at FirstFrame.&lt;init&gt;(FirstFrame.kt:11)
	at FirstFrame.&lt;init&gt;(FirstFrame.kt:11)
	at FirstFrame.&lt;init&gt;(FirstFrame.kt:11)
	at FirstFrame.&lt;init&gt;(FirstFrame.kt:11)
	at FirstFrame.&lt;init&gt;(FirstFrame.kt:11)
	at FirstFrame.&lt;init&gt;(FirstFrame.kt:11)
	at FirstFrame.&lt;init&gt;(FirstFrame.kt:11)
	at FirstFrame.&lt;init&gt;(FirstFrame.kt:11)
	at FirstFrame.&lt;init&gt;(FirstFrame.kt:11)
	at FirstFrame.&lt;init&gt;(FirstFrame.kt:11)
	at FirstFrame.&lt;init&gt;(FirstFrame.kt:11)
	at FirstFrame.&lt;init&gt;(FirstFrame.kt:11)
	at FirstFrame.&lt;init&gt;(FirstFrame.kt:11)
	at FirstFrame.&lt;init&gt;(FirstFrame.kt:11)
	at FirstFrame.&lt;init&gt;(FirstFrame.kt:11)
	at FirstFrame.&lt;init&gt;(FirstFrame.kt:11)
	at FirstFrame.&lt;init&gt;(FirstFrame.kt:11)
	at FirstFrame.&lt;init&gt;(FirstFrame.kt:11)
	at FirstFrame.&lt;init&gt;(FirstFrame.kt:11)
	at FirstFrame.&lt;init&gt;(FirstFrame.kt:11)
	at FirstFrame.&lt;init&gt;(FirstFrame.kt:11)
	at FirstFrame.&lt;init&gt;(FirstFrame.kt:11)
	at FirstFrame.&lt;init&gt;(FirstFrame.kt:11)
	at FirstFrame.&lt;init&gt;(FirstFrame.kt:11)
	at FirstFrame.&lt;init&gt;(FirstFrame.kt:11)
	at FirstFrame.&lt;init&gt;(FirstFrame.kt:11)
	at FirstFrame.&lt;init&gt;(FirstFrame.kt:11)
	at FirstFrame.&lt;init&gt;(FirstFrame.kt:11)
	at FirstFrame.&lt;init&gt;(FirstFrame.kt:11)
	at FirstFrame.&lt;init&gt;(FirstFrame.kt:11)
	at FirstFrame.&lt;init&gt;(FirstFrame.kt:11)
	at FirstFrame.&lt;init&gt;(FirstFrame.kt:11)
	at FirstFrame.&lt;init&gt;(FirstFrame.kt:11)
	at FirstFrame.&lt;init&gt;(FirstFrame.kt:11)
	at FirstFrame.&lt;init&gt;(FirstFrame.kt:11)
	at FirstFrame.&lt;init&gt;(FirstFrame.kt:11)
	at FirstFrame.&lt;init&gt;(FirstFrame.kt:11)
	at FirstFrame.&lt;init&gt;(FirstFrame.kt:11)
	at FirstFrame.&lt;init&gt;(FirstFrame.kt:11)
	at FirstFrame.&lt;init&gt;(FirstFrame.kt:11)
	at FirstFrame.&lt;init&gt;(FirstFrame.kt:11)
	at FirstFrame.&lt;init&gt;(FirstFrame.kt:11)
	at FirstFrame.&lt;init&gt;(FirstFrame.kt:11)
	at FirstFrame.&lt;init&gt;(FirstFrame.kt:11)
	at FirstFrame.&lt;init&gt;(FirstFrame.kt:11)
	at FirstFrame.&lt;init&gt;(FirstFrame.kt:11)
	at FirstFrame.&lt;init&gt;(FirstFrame.kt:11)
	at FirstFrame.&lt;init&gt;(FirstFrame.kt:11)
	at FirstFrame.&lt;init&gt;(FirstFrame.kt:11)
	at FirstFrame.&lt;init&gt;(FirstFrame.kt:11)
	at FirstFrame.&lt;init&gt;(FirstFrame.kt:11)
	at FirstFrame.&lt;init&gt;(FirstFrame.kt:11)
	at FirstFrame.&lt;init&gt;(FirstFrame.kt:11)
	at FirstFrame.&lt;init&gt;(FirstFrame.kt:11)
	at FirstFrame.&lt;init&gt;(FirstFrame.kt:11)
	at FirstFrame.&lt;init&gt;(FirstFrame.kt:11)
	at FirstFrame.&lt;init&gt;(FirstFrame.kt:11)
	at FirstFrame.&lt;init&gt;(FirstFrame.kt:11)
	at FirstFrame.&lt;init&gt;(FirstFrame.kt:11)
	at FirstFrame.&lt;init&gt;(FirstFrame.kt:11)
	at FirstFrame.&lt;init&gt;(FirstFrame.kt:11)
	at FirstFrame.&lt;init&gt;(FirstFrame.kt:11)
	at FirstFrame.&lt;init&gt;(FirstFrame.kt:11)
	at FirstFrame.&lt;init&gt;(FirstFrame.kt:11)
	at FirstFrame.&lt;init&gt;(FirstFrame.kt:11)
	at FirstFrame.&lt;init&gt;(FirstFrame.kt:11)
	at FirstFrame.&lt;init&gt;(FirstFrame.kt:11)
	at FirstFrame.&lt;init&gt;(FirstFrame.kt:11)
	at FirstFrame.&lt;init&gt;(FirstFrame.kt:11)
	at FirstFrame.&lt;init&gt;(FirstFrame.kt:11)
	at FirstFrame.&lt;init&gt;(FirstFrame.kt:11)
	at FirstFrame.&lt;init&gt;(FirstFrame.kt:11)
	at FirstFrame.&lt;init&gt;(FirstFrame.kt:11)
	at FirstFrame.&lt;init&gt;(FirstFrame.kt:11)
	at FirstFrame.&lt;init&gt;(FirstFrame.kt:11)
	at FirstFrame.&lt;init&gt;(FirstFrame.kt:11)
	at FirstFrame.&lt;init&gt;(FirstFrame.kt:11)
	at FirstFrame.&lt;init&gt;(FirstFrame.kt:11)
	at FirstFrame.&lt;init&gt;(FirstFrame.kt:11)
	at FirstFrame.&lt;init&gt;(FirstFrame.kt:11)
	at FirstFrame.&lt;init&gt;(FirstFrame.kt:11)
	at FirstFrame.&lt;init&gt;(FirstFrame.kt:11)
	at FirstFrame.&lt;init&gt;(FirstFrame.kt:11)
	at FirstFrame.&lt;init&gt;(FirstFrame.kt:11)
	at FirstFrame.&lt;init&gt;(FirstFrame.kt:11)
	at FirstFrame.&lt;init&gt;(FirstFrame.kt:11)
	at FirstFrame.&lt;init&gt;(FirstFrame.kt:11)
	at FirstFrame.&lt;init&gt;(FirstFrame.kt:11)
	at FirstFrame.&lt;init&gt;(FirstFrame.kt:11)
	at FirstFrame.&lt;init&gt;(FirstFrame.kt:11)
	at FirstFrame.&lt;init&gt;(FirstFrame.kt:11)
	at FirstFrame.&lt;init&gt;(FirstFrame.kt:11)
	at FirstFrame.&lt;init&gt;(FirstFrame.kt:11)
	at FirstFrame.&lt;init&gt;(FirstFrame.kt:11)
	at FirstFrame.&lt;init&gt;(FirstFrame.kt:11)
	at FirstFrame.&lt;init&gt;(FirstFrame.kt:11)
	at FirstFrame.&lt;init&gt;(FirstFrame.kt:11)
	at FirstFrame.&lt;init&gt;(FirstFrame.kt:11)
	at FirstFrame.&lt;init&gt;(FirstFrame.kt:11)
	at FirstFrame.&lt;init&gt;(FirstFrame.kt:11)
	at FirstFrame.&lt;init&gt;(FirstFrame.kt:11)
	at FirstFrame.&lt;init&gt;(FirstFrame.kt:11)
	at FirstFrame.&lt;init&gt;(FirstFrame.kt:11)
	at FirstFrame.&lt;init&gt;(FirstFrame.kt:11)
	at FirstFrame.&lt;init&gt;(FirstFrame.kt:11)
	at FirstFrame.&lt;init&gt;(FirstFrame.kt:11)
	at FirstFrame.&lt;init&gt;(FirstFrame.kt:11)
	at FirstFrame.&lt;init&gt;(FirstFrame.kt:11)
	at FirstFrame.&lt;init&gt;(FirstFrame.kt:11)
	at FirstFrame.&lt;init&gt;(FirstFrame.kt:11)
	at FirstFrame.&lt;init&gt;(FirstFrame.kt:11)
	at FirstFrame.&lt;init&gt;(FirstFrame.kt:11)
	at FirstFrame.&lt;init&gt;(FirstFrame.kt:11)
	at FirstFrame.&lt;init&gt;(FirstFrame.kt:11)
	at FirstFrame.&lt;init&gt;(FirstFrame.kt:11)
	at FirstFrame.&lt;init&gt;(FirstFrame.kt:11)
	at FirstFrame.&lt;init&gt;(FirstFrame.kt:11)
	at FirstFrame.&lt;init&gt;(FirstFrame.kt:11)
	at FirstFrame.&lt;init&gt;(FirstFrame.kt:11)
	at FirstFrame.&lt;init&gt;(FirstFrame.kt:11)
	at FirstFrame.&lt;init&gt;(FirstFrame.kt:11)
	at FirstFrame.&lt;init&gt;(FirstFrame.kt:11)
	at FirstFrame.&lt;init&gt;(FirstFrame.kt:11)
	at FirstFrame.&lt;init&gt;(FirstFrame.kt:11)
	at FirstFrame.&lt;init&gt;(FirstFrame.kt:11)
	at FirstFrame.&lt;init&gt;(FirstFrame.kt:11)
	at FirstFrame.&lt;init&gt;(FirstFrame.kt:11)
	at FirstFrame.&lt;init&gt;(FirstFrame.kt:11)
	at FirstFrame.&lt;init&gt;(FirstFrame.kt:11)
	at FirstFrame.&lt;init&gt;(FirstFrame.kt:11)
	at FirstFrame.&lt;init&gt;(FirstFrame.kt:11)
	at FirstFrame.&lt;init&gt;(FirstFrame.kt:11)
	at FirstFrame.&lt;init&gt;(FirstFrame.kt:11)
	at FirstFrame.&lt;init&gt;(FirstFrame.kt:11)
	at FirstFrame.&lt;init&gt;(FirstFrame.kt:11)
	at FirstFrame.&lt;init&gt;(FirstFrame.kt:11)
	at FirstFrame.&lt;init&gt;(FirstFrame.kt:11)
	at FirstFrame.&lt;init&gt;(FirstFrame.kt:11)
	at FirstFrame.&lt;init&gt;(FirstFrame.kt:11)
	at FirstFrame.&lt;init&gt;(FirstFrame.kt:11)
	at FirstFrame.&lt;init&gt;(FirstFrame.kt:11)
	at FirstFrame.&lt;init&gt;(FirstFrame.kt:11)
	at FirstFrame.&lt;init&gt;(FirstFrame.kt:11)
	at FirstFrame.&lt;init&gt;(FirstFrame.kt:11)
	at FirstFrame.&lt;init&gt;(FirstFrame.kt:11)
	at FirstFrame.&lt;init&gt;(FirstFrame.kt:11)
	at FirstFrame.&lt;init&gt;(FirstFrame.kt:11)
	at FirstFrame.&lt;init&gt;(FirstFrame.kt:11)
	at FirstFrame.&lt;init&gt;(FirstFrame.kt:11)
	at FirstFrame.&lt;init&gt;(FirstFrame.kt:11)
	at FirstFrame.&lt;init&gt;(FirstFrame.kt:11)
	at FirstFrame.&lt;init&gt;(FirstFrame.kt:11)
	at FirstFrame.&lt;init&gt;(FirstFrame.kt:11)
	at FirstFrame.&lt;init&gt;(FirstFrame.kt:11)
	at FirstFrame.&lt;init&gt;(FirstFrame.kt:11)
	at FirstFrame.&lt;init&gt;(FirstFrame.kt:11)
	at FirstFrame.&lt;init&gt;(FirstFrame.kt:11)
	at FirstFrame.&lt;init&gt;(FirstFrame.kt:11)
	at FirstFrame.&lt;init&gt;(FirstFrame.kt:11)
	at FirstFrame.&lt;init&gt;(FirstFrame.kt:11)
	at FirstFrame.&lt;init&gt;(FirstFrame.kt:11)
	at FirstFrame.&lt;init&gt;(FirstFrame.kt:11)
	at FirstFrame.&lt;init&gt;(FirstFrame.kt:11)
	at FirstFrame.&lt;init&gt;(FirstFrame.kt:11)
	at FirstFrame.&lt;init&gt;(FirstFrame.kt:11)
	at FirstFrame.&lt;init&gt;(FirstFrame.kt:11)
	at FirstFrame.&lt;init&gt;(FirstFrame.kt:11)
	at FirstFrame.&lt;init&gt;(FirstFrame.kt:11)
	at FirstFrame.&lt;init&gt;(FirstFrame.kt:11)
	at FirstFrame.&lt;init&gt;(FirstFrame.kt:11)
	at FirstFrame.&lt;init&gt;(FirstFrame.kt:11)
	at FirstFrame.&lt;init&gt;(FirstFrame.kt:11)
	at FirstFrame.&lt;init&gt;(FirstFrame.kt:11)
	at FirstFrame.&lt;init&gt;(FirstFrame.kt:11)
	at FirstFrame.&lt;init&gt;(FirstFrame.kt:11)
	at FirstFrame.&lt;init&gt;(FirstFrame.kt:11)
	at FirstFrame.&lt;init&gt;(FirstFrame.kt:11)
	at FirstFrame.&lt;init&gt;(FirstFrame.kt:11)
	at FirstFrame.&lt;init&gt;(FirstFrame.kt:11)
	at FirstFrame.&lt;init&gt;(FirstFrame.kt:11)
	at FirstFrame.&lt;init&gt;(FirstFrame.kt:11)
	at FirstFrame.&lt;init&gt;(FirstFrame.kt:11)
	at FirstFrame.&lt;init&gt;(FirstFrame.kt:11)
	at FirstFrame.&lt;init&gt;(FirstFrame.kt:11)
	at FirstFrame.&lt;init&gt;(FirstFrame.kt:11)
	at FirstFrame.&lt;init&gt;(FirstFrame.kt:11)
	at FirstFrame.&lt;init&gt;(FirstFrame.kt:11)
	at FirstFrame.&lt;init&gt;(FirstFrame.kt:11)
	at FirstFrame.&lt;init&gt;(FirstFrame.kt:11)
	at FirstFrame.&lt;init&gt;(FirstFrame.kt:11)
	at FirstFrame.&lt;init&gt;(FirstFrame.kt:11)
	at FirstFrame.&lt;init&gt;(FirstFrame.kt:11)
	at FirstFrame.&lt;init&gt;(FirstFrame.kt:11)
	at FirstFrame.&lt;init&gt;(FirstFrame.kt:11)
	at FirstFrame.&lt;init&gt;(FirstFrame.kt:11)
	at FirstFrame.&lt;init&gt;(FirstFrame.kt:11)
	at FirstFrame.&lt;init&gt;(FirstFrame.kt:11)
	at FirstFrame.&lt;init&gt;(FirstFrame.kt:11)
	at FirstFrame.&lt;init&gt;(FirstFrame.kt:11)
	at FirstFrame.&lt;init&gt;(FirstFrame.kt:11)
	at FirstFrame.&lt;init&gt;(FirstFrame.kt:11)
	at FirstFrame.&lt;init&gt;(FirstFrame.kt:11)
	at FirstFrame.&lt;init&gt;(FirstFrame.kt:11)
	at FirstFrame.&lt;init&gt;(FirstFrame.kt:11)
	at FirstFrame.&lt;init&gt;(FirstFrame.kt:11)
	at FirstFrame.&lt;init&gt;(FirstFrame.kt:11)
	at FirstFrame.&lt;init&gt;(FirstFrame.kt:11)
	at FirstFrame.&lt;init&gt;(FirstFrame.kt:11)
	at FirstFrame.&lt;init&gt;(FirstFrame.kt:11)
	at FirstFrame.&lt;init&gt;(FirstFrame.kt:11)
	at FirstFrame.&lt;init&gt;(FirstFrame.kt:11)
	at FirstFrame.&lt;init&gt;(FirstFrame.kt:11)
	at FirstFrame.&lt;init&gt;(FirstFrame.kt:11)
	at FirstFrame.&lt;init&gt;(FirstFrame.kt:11)
	at FirstFrame.&lt;init&gt;(FirstFrame.kt:11)
	at FirstFrame.&lt;init&gt;(FirstFrame.kt:11)
	at FirstFrame.&lt;init&gt;(FirstFrame.kt:11)
	at FirstFrame.&lt;init&gt;(FirstFrame.kt:11)
	at FirstFrame.&lt;init&gt;(FirstFrame.kt:11)
	at FirstFrame.&lt;init&gt;(FirstFrame.kt:11)
	at FirstFrame.&lt;init&gt;(FirstFrame.kt:11)
	at FirstFrame.&lt;init&gt;(FirstFrame.kt:11)
	at FirstFrame.&lt;init&gt;(FirstFrame.kt:11)
	at FirstFrame.&lt;init&gt;(FirstFrame.kt:11)
	at FirstFrame.&lt;init&gt;(FirstFrame.kt:11)
	at FirstFrame.&lt;init&gt;(FirstFrame.kt:11)
	at FirstFrame.&lt;init&gt;(FirstFrame.kt:11)
	at FirstFrame.&lt;init&gt;(FirstFrame.kt:11)
	at FirstFrame.&lt;init&gt;(FirstFrame.kt:11)
	at FirstFrame.&lt;init&gt;(FirstFrame.kt:11)
	at FirstFrame.&lt;init&gt;(FirstFrame.kt:11)
	at FirstFrame.&lt;init&gt;(FirstFrame.kt:11)
	at FirstFrame.&lt;init&gt;(FirstFrame.kt:11)
	at FirstFrame.&lt;init&gt;(FirstFrame.kt:11)
	at FirstFrame.&lt;init&gt;(FirstFrame.kt:11)
	at FirstFrame.&lt;init&gt;(FirstFrame.kt:11)
	at FirstFrame.&lt;init&gt;(FirstFrame.kt:11)
	at FirstFrame.&lt;init&gt;(FirstFrame.kt:11)
	at FirstFrame.&lt;init&gt;(FirstFrame.kt:11)
	at FirstFrame.&lt;init&gt;(FirstFrame.kt:11)
	at FirstFrame.&lt;init&gt;(FirstFrame.kt:11)
	at FirstFrame.&lt;init&gt;(FirstFrame.kt:11)
	at FirstFrame.&lt;init&gt;(FirstFrame.kt:11)
	at FirstFrame.&lt;init&gt;(FirstFrame.kt:11)
	at FirstFrame.&lt;init&gt;(FirstFrame.kt:11)
	at FirstFrame.&lt;init&gt;(FirstFrame.kt:11)
	at FirstFrame.&lt;init&gt;(FirstFrame.kt:11)
	at FirstFrame.&lt;init&gt;(FirstFrame.kt:11)
	at FirstFrame.&lt;init&gt;(FirstFrame.kt:11)
	at FirstFrame.&lt;init&gt;(FirstFrame.kt:11)
	at FirstFrame.&lt;init&gt;(FirstFrame.kt:11)
	at FirstFrame.&lt;init&gt;(FirstFrame.kt:11)
	at FirstFrame.&lt;init&gt;(FirstFrame.kt:11)
	at FirstFrame.&lt;init&gt;(FirstFrame.kt:11)
	at FirstFrame.&lt;init&gt;(FirstFrame.kt:11)
	at FirstFrame.&lt;init&gt;(FirstFrame.kt:11)
	at FirstFrame.&lt;init&gt;(FirstFrame.kt:11)
	at FirstFrame.&lt;init&gt;(FirstFrame.kt:11)
	at FirstFrame.&lt;init&gt;(FirstFrame.kt:11)
	at FirstFrame.&lt;init&gt;(FirstFrame.kt:11)
	at FirstFrame.&lt;init&gt;(FirstFrame.kt:11)
	at FirstFrame.&lt;init&gt;(FirstFrame.kt:11)
	at FirstFrame.&lt;init&gt;(FirstFrame.kt:11)
	at FirstFrame.&lt;init&gt;(FirstFrame.kt:11)
	at FirstFrame.&lt;init&gt;(FirstFrame.kt:11)
	at FirstFrame.&lt;init&gt;(FirstFrame.kt:11)
	at FirstFrame.&lt;init&gt;(FirstFrame.kt:11)
	at FirstFrame.&lt;init&gt;(FirstFrame.kt:11)
	at FirstFrame.&lt;init&gt;(FirstFrame.kt:11)
	at FirstFrame.&lt;init&gt;(FirstFrame.kt:11)
	at FirstFrame.&lt;init&gt;(FirstFrame.kt:11)
	at FirstFrame.&lt;init&gt;(FirstFrame.kt:11)
	at FirstFrame.&lt;init&gt;(FirstFrame.kt:11)
	at FirstFrame.&lt;init&gt;(FirstFrame.kt:11)
	at FirstFrame.&lt;init&gt;(FirstFrame.kt:11)
	at FirstFrame.&lt;init&gt;(FirstFrame.kt:11)
	at FirstFrame.&lt;init&gt;(FirstFrame.kt:11)
	at FirstFrame.&lt;init&gt;(FirstFrame.kt:11)
	at FirstFrame.&lt;init&gt;(FirstFrame.kt:11)
	at FirstFrame.&lt;init&gt;(FirstFrame.kt:11)
	at FirstFrame.&lt;init&gt;(FirstFrame.kt:11)
	at FirstFrame.&lt;init&gt;(FirstFrame.kt:11)
	at FirstFrame.&lt;init&gt;(FirstFrame.kt:11)
	at FirstFrame.&lt;init&gt;(FirstFrame.kt:11)
	at FirstFrame.&lt;init&gt;(FirstFrame.kt:11)
	at FirstFrame.&lt;init&gt;(FirstFrame.kt:11)
	at FirstFrame.&lt;init&gt;(FirstFrame.kt:11)
	at FirstFrame.&lt;init&gt;(FirstFrame.kt:11)
	at FirstFrame.&lt;init&gt;(FirstFrame.kt:11)
	at FirstFrame.&lt;init&gt;(FirstFrame.kt:11)
	at FirstFrame.&lt;init&gt;(FirstFrame.kt:11)
	at FirstFrame.&lt;init&gt;(FirstFrame.kt:11)
	at FirstFrame.&lt;init&gt;(FirstFrame.kt:11)
	at FirstFrame.&lt;init&gt;(FirstFrame.kt:11)
	at FirstFrame.&lt;init&gt;(FirstFrame.kt:11)
	at FirstFrame.&lt;init&gt;(FirstFrame.kt:11)
	at FirstFrame.&lt;init&gt;(FirstFrame.kt:11)
	at FirstFrame.&lt;init&gt;(FirstFrame.kt:11)
	at FirstFrame.&lt;init&gt;(FirstFrame.kt:11)
	at FirstFrame.&lt;init&gt;(FirstFrame.kt:11)
	at FirstFrame.&lt;init&gt;(FirstFrame.kt:11)
	at FirstFrame.&lt;init&gt;(FirstFrame.kt:11)
	at FirstFrame.&lt;init&gt;(FirstFrame.kt:11)
	at FirstFrame.&lt;init&gt;(FirstFrame.kt:11)
	at FirstFrame.&lt;init&gt;(FirstFrame.kt:11)
	at FirstFrame.&lt;init&gt;(FirstFrame.kt:11)
	at FirstFrame.&lt;init&gt;(FirstFrame.kt:11)
	at FirstFrame.&lt;init&gt;(FirstFrame.kt:11)
	at FirstFrame.&lt;init&gt;(FirstFrame.kt:11)
	at FirstFrame.&lt;init&gt;(FirstFrame.kt:11)
	at FirstFrame.&lt;init&gt;(FirstFrame.kt:11)
	at FirstFrame.&lt;init&gt;(FirstFrame.kt:11)
	at FirstFrame.&lt;init&gt;(FirstFrame.kt:11)
	at FirstFrame.&lt;init&gt;(FirstFrame.kt:11)
	at FirstFrame.&lt;init&gt;(FirstFrame.kt:11)
	at FirstFrame.&lt;init&gt;(FirstFrame.kt:11)
	at FirstFrame.&lt;init&gt;(FirstFrame.kt:11)
	at FirstFrame.&lt;init&gt;(FirstFrame.kt:11)
	at FirstFrame.&lt;init&gt;(FirstFrame.kt:11)
	at FirstFrame.&lt;init&gt;(FirstFrame.kt:11)
	at FirstFrame.&lt;init&gt;(FirstFrame.kt:11)
	at FirstFrame.&lt;init&gt;(FirstFrame.kt:11)
	at FirstFrame.&lt;init&gt;(FirstFrame.kt:11)
	at FirstFrame.&lt;init&gt;(FirstFrame.kt:11)
	at FirstFrame.&lt;init&gt;(FirstFrame.kt:11)
	at FirstFrame.&lt;init&gt;(FirstFrame.kt:11)
	at FirstFrame.&lt;init&gt;(FirstFrame.kt:11)
	at FirstFrame.&lt;init&gt;(FirstFrame.kt:11)
	at FirstFrame.&lt;init&gt;(FirstFrame.kt:11)
	at FirstFrame.&lt;init&gt;(FirstFrame.kt:11)
	at FirstFrame.&lt;init&gt;(FirstFrame.kt:11)
	at FirstFrame.&lt;init&gt;(FirstFrame.kt:11)
	at FirstFrame.&lt;init&gt;(FirstFrame.kt:11)
	at FirstFrame.&lt;init&gt;(FirstFrame.kt:11)
	at FirstFrame.&lt;init&gt;(FirstFrame.kt:11)
	at FirstFrame.&lt;init&gt;(FirstFrame.kt:11)
	at FirstFrame.&lt;init&gt;(FirstFrame.kt:11)
	at FirstFrame.&lt;init&gt;(FirstFrame.kt:11)
	at FirstFrame.&lt;init&gt;(FirstFrame.kt:11)
	at FirstFrame.&lt;init&gt;(FirstFrame.kt:11)
	at FirstFrame.&lt;init&gt;(FirstFrame.kt:11)
	at FirstFrame.&lt;init&gt;(FirstFrame.kt:11)
	at FirstFrame.&lt;init&gt;(FirstFrame.kt:11)
	at FirstFrame.&lt;init&gt;(FirstFrame.kt:11)
	at FirstFrame.&lt;init&gt;(FirstFrame.kt:11)
	at FirstFrame.&lt;init&gt;(FirstFrame.kt:11)
	at FirstFrame.&lt;init&gt;(FirstFrame.kt:11)
	at FirstFrame.&lt;init&gt;(FirstFrame.kt:11)
	at FirstFrame.&lt;init&gt;(FirstFrame.kt:11)
	at FirstFrame.&lt;init&gt;(FirstFrame.kt:11)
	at FirstFrame.&lt;init&gt;(FirstFrame.kt:11)
	at FirstFrame.&lt;init&gt;(FirstFrame.kt:11)
	at FirstFrame.&lt;init&gt;(FirstFrame.kt:11)
	at FirstFrame.&lt;init&gt;(FirstFrame.kt:11)
	at FirstFrame.&lt;init&gt;(FirstFrame.kt:11)
	at FirstFrame.&lt;init&gt;(FirstFrame.kt:11)
	at FirstFrame.&lt;init&gt;(FirstFrame.kt:11)
	at FirstFrame.&lt;init&gt;(FirstFrame.kt:11)
	at FirstFrame.&lt;init&gt;(FirstFrame.kt:11)
	at FirstFrame.&lt;init&gt;(FirstFrame.kt:11)
	at FirstFrame.&lt;init&gt;(FirstFrame.kt:11)
	at FirstFrame.&lt;init&gt;(FirstFrame.kt:11)
	at FirstFrame.&lt;init&gt;(FirstFrame.kt:11)
	at FirstFrame.&lt;init&gt;(FirstFrame.kt:11)
	at FirstFrame.&lt;init&gt;(FirstFrame.kt:11)
	at FirstFrame.&lt;init&gt;(FirstFrame.kt:11)
	at FirstFrame.&lt;init&gt;(FirstFrame.kt:11)
	at FirstFrame.&lt;init&gt;(FirstFrame.kt:11)
	at FirstFrame.&lt;init&gt;(FirstFrame.kt:11)
	at FirstFrame.&lt;init&gt;(FirstFrame.kt:11)
	at FirstFrame.&lt;init&gt;(FirstFrame.kt:11)
	at FirstFrame.&lt;init&gt;(FirstFrame.kt:11)
	at FirstFrame.&lt;init&gt;(FirstFrame.kt:11)
	at FirstFrame.&lt;init&gt;(FirstFrame.kt:11)
	at FirstFrame.&lt;init&gt;(FirstFrame.kt:11)
	at FirstFrame.&lt;init&gt;(FirstFrame.kt:11)
	at FirstFrame.&lt;init&gt;(FirstFrame.kt:11)
	at FirstFrame.&lt;init&gt;(FirstFrame.kt:11)
	at FirstFrame.&lt;init&gt;(FirstFrame.kt:11)
	at FirstFrame.&lt;init&gt;(FirstFrame.kt:11)
	at FirstFrame.&lt;init&gt;(FirstFrame.kt:11)
	at FirstFrame.&lt;init&gt;(FirstFrame.kt:11)
	at FirstFrame.&lt;init&gt;(FirstFrame.kt:11)
	at FirstFrame.&lt;init&gt;(FirstFrame.kt:11)
	at FirstFrame.&lt;init&gt;(FirstFrame.kt:11)
	at FirstFrame.&lt;init&gt;(FirstFrame.kt:11)
	at FirstFrame.&lt;init&gt;(FirstFrame.kt:11)
	at FirstFrame.&lt;init&gt;(FirstFrame.kt:11)
	at FirstFrame.&lt;init&gt;(FirstFrame.kt:11)
	at FirstFrame.&lt;init&gt;(FirstFrame.kt:11)
	at FirstFrame.&lt;init&gt;(FirstFrame.kt:11)
	at FirstFrame.&lt;init&gt;(FirstFrame.kt:11)
	at FirstFrame.&lt;init&gt;(FirstFrame.kt:11)
	at FirstFrame.&lt;init&gt;(FirstFrame.kt:11)
	at FirstFrame.&lt;init&gt;(FirstFrame.kt:11)
	at FirstFrame.&lt;init&gt;(FirstFrame.kt:11)
	at FirstFrame.&lt;init&gt;(FirstFrame.kt:11)
	at FirstFrame.&lt;init&gt;(FirstFrame.kt:11)
	at FirstFrame.&lt;init&gt;(FirstFrame.kt:11)
	at FirstFrame.&lt;init&gt;(FirstFrame.kt:11)
	at FirstFrame.&lt;init&gt;(FirstFrame.kt:11)
	at FirstFrame.&lt;init&gt;(FirstFrame.kt:11)
	at FirstFrame.&lt;init&gt;(FirstFrame.kt:11)
	at FirstFrame.&lt;init&gt;(FirstFrame.kt:11)
	at FirstFrame.&lt;init&gt;(FirstFrame.kt:11)
	at FirstFrame.&lt;init&gt;(FirstFrame.kt:11)
	at FirstFrame.&lt;init&gt;(FirstFrame.kt:11)
	at FirstFrame.&lt;init&gt;(FirstFrame.kt:11)
	at FirstFrame.&lt;init&gt;(FirstFrame.kt:11)
	at FirstFrame.&lt;init&gt;(FirstFrame.kt:11)
	at FirstFrame.&lt;init&gt;(FirstFrame.kt:11)
	at FirstFrame.&lt;init&gt;(FirstFrame.kt:11)
	at FirstFrame.&lt;init&gt;(FirstFrame.kt:11)
	at FirstFrame.&lt;init&gt;(FirstFrame.kt:11)
	at FirstFrame.&lt;init&gt;(FirstFrame.kt:11)
	at FirstFrame.&lt;init&gt;(FirstFrame.kt:11)
	at FirstFrame.&lt;init&gt;(FirstFrame.kt:11)
	at FirstFrame.&lt;init&gt;(FirstFrame.kt:11)
	at FirstFrame.&lt;init&gt;(FirstFrame.kt:11)
	at FirstFrame.&lt;init&gt;(FirstFrame.kt:11)
	at FirstFrame.&lt;init&gt;(FirstFrame.kt:11)
	at FirstFrame.&lt;init&gt;(FirstFrame.kt:11)
	at FirstFrame.&lt;init&gt;(FirstFrame.kt:11)
	at FirstFrame.&lt;init&gt;(FirstFrame.kt:11)
	at FirstFrame.&lt;init&gt;(FirstFrame.kt:11)
	at FirstFrame.&lt;init&gt;(FirstFrame.kt:11)
	at FirstFrame.&lt;init&gt;(FirstFrame.kt:11)
	at FirstFrame.&lt;init&gt;(FirstFrame.kt:11)
	at FirstFrame.&lt;init&gt;(FirstFrame.kt:11)
	at FirstFrame.&lt;init&gt;(FirstFrame.kt:11)
	at FirstFrame.&lt;init&gt;(FirstFrame.kt:11)
	at FirstFrame.&lt;init&gt;(FirstFrame.kt:11)
	at FirstFrame.&lt;init&gt;(FirstFrame.kt:11)
	at FirstFrame.&lt;init&gt;(FirstFrame.kt:11)
	at FirstFrame.&lt;init&gt;(FirstFrame.kt:11)
	at FirstFrame.&lt;init&gt;(FirstFrame.kt:11)
	at FirstFrame.&lt;init&gt;(FirstFrame.kt:11)
	at FirstFrame.&lt;init&gt;(FirstFrame.kt:11)
	at FirstFrame.&lt;init&gt;(FirstFrame.kt:11)
	at FirstFrame.&lt;init&gt;(FirstFrame.kt:11)
	at FirstFrame.&lt;init&gt;(FirstFrame.kt:11)
	at FirstFrame.&lt;init&gt;(FirstFrame.kt:11)
	at FirstFrame.&lt;init&gt;(FirstFrame.kt:11)
	at FirstFrame.&lt;init&gt;(FirstFrame.kt:11)
	at FirstFrame.&lt;init&gt;(FirstFrame.kt:11)
	at FirstFrame.&lt;init&gt;(FirstFrame.kt:11)
	at FirstFrame.&lt;init&gt;(FirstFrame.kt:11)
	at FirstFrame.&lt;init&gt;(FirstFrame.kt:11)
	at FirstFrame.&lt;init&gt;(FirstFrame.kt:11)
	at FirstFrame.&lt;init&gt;(FirstFrame.kt:11)
	at FirstFrame.&lt;init&gt;(FirstFrame.kt:11)
	at FirstFrame.&lt;init&gt;(FirstFrame.kt:11)
	at FirstFrame.&lt;init&gt;(FirstFrame.kt:11)
	at FirstFrame.&lt;init&gt;(FirstFrame.kt:11)
	at FirstFrame.&lt;init&gt;(FirstFrame.kt:11)
	at FirstFrame.&lt;init&gt;(FirstFrame.kt:11)
	at FirstFrame.&lt;init&gt;(FirstFrame.kt:11)
	at FirstFrame.&lt;init&gt;(FirstFrame.kt:11)
	at FirstFrame.&lt;init&gt;(FirstFrame.kt:11)
	at FirstFrame.&lt;init&gt;(FirstFrame.kt:11)
	at FirstFrame.&lt;init&gt;(FirstFrame.kt:11)
	at FirstFrame.&lt;init&gt;(FirstFrame.kt:11)
	at FirstFrame.&lt;init&gt;(FirstFrame.kt:11)
	at FirstFrame.&lt;init&gt;(FirstFrame.kt:11)
	at FirstFrame.&lt;init&gt;(FirstFrame.kt:11)
	at FirstFrame.&lt;init&gt;(FirstFrame.kt:11)
	at FirstFrame.&lt;init&gt;(FirstFrame.kt:11)
	at FirstFrame.&lt;init&gt;(FirstFrame.kt:11)
	at FirstFrame.&lt;init&gt;(FirstFrame.kt:11)
	at FirstFrame.&lt;init&gt;(FirstFrame.kt:11)
	at FirstFrame.&lt;init&gt;(FirstFrame.kt:11)
	at FirstFrame.&lt;init&gt;(FirstFrame.kt:11)
	at FirstFrame.&lt;init&gt;(FirstFrame.kt:11)
	at FirstFrame.&lt;init&gt;(FirstFrame.kt:11)
	at FirstFrame.&lt;init&gt;(FirstFrame.kt:11)
	at FirstFrame.&lt;init&gt;(FirstFrame.kt:11)
	at FirstFrame.&lt;init&gt;(FirstFrame.kt:11)
	at FirstFrame.&lt;init&gt;(FirstFrame.kt:11)
	at FirstFrame.&lt;init&gt;(FirstFrame.kt:11)
	at FirstFrame.&lt;init&gt;(FirstFrame.kt:11)
	at FirstFrame.&lt;init&gt;(FirstFrame.kt:11)
	at FirstFrame.&lt;init&gt;(FirstFrame.kt:11)
	at FirstFrame.&lt;init&gt;(FirstFrame.kt:11)
	at FirstFrame.&lt;init&gt;(FirstFrame.kt:11)
	at FirstFrame.&lt;init&gt;(FirstFrame.kt:11)
	at FirstFrame.&lt;init&gt;(FirstFrame.kt:11)
	at FirstFrame.&lt;init&gt;(FirstFrame.kt:11)
	at FirstFrame.&lt;init&gt;(FirstFrame.kt:11)
	at FirstFrame.&lt;init&gt;(FirstFrame.kt:11)
	at FirstFrame.&lt;init&gt;(FirstFrame.kt:11)
	at FirstFrame.&lt;init&gt;(FirstFrame.kt:11)
	at FirstFrame.&lt;init&gt;(FirstFrame.kt:11)
	at FirstFrame.&lt;init&gt;(FirstFrame.kt:11)
	at FirstFrame.&lt;init&gt;(FirstFrame.kt:11)
	at FirstFrame.&lt;init&gt;(FirstFrame.kt:11)
	at FirstFrame.&lt;init&gt;(FirstFrame.kt:11)
	at FirstFrame.&lt;init&gt;(FirstFrame.kt:11)
	at FirstFrame.&lt;init&gt;(FirstFrame.kt:11)
	at FirstFrame.&lt;init&gt;(FirstFrame.kt:11)
	at FirstFrame.&lt;init&gt;(FirstFrame.kt:11)
	at FirstFrame.&lt;init&gt;(FirstFrame.kt:11)
	at FirstFrame.&lt;init&gt;(FirstFrame.kt:11)
	at FirstFrame.&lt;init&gt;(FirstFrame.kt:11)
	at FirstFrame.&lt;init&gt;(FirstFrame.kt:11)
	at FirstFrame.&lt;init&gt;(FirstFrame.kt:11)
	at FirstFrame.&lt;init&gt;(FirstFrame.kt:11)
	at FirstFrame.&lt;init&gt;(FirstFrame.kt:11)
	at FirstFrame.&lt;init&gt;(FirstFrame.kt:11)
	at FirstFrame.&lt;init&gt;(FirstFrame.kt:11)
	at FirstFrame.&lt;init&gt;(FirstFrame.kt:11)
	at FirstFrame.&lt;init&gt;(FirstFrame.kt:11)
	at FirstFrame.&lt;init&gt;(FirstFrame.kt:11)
	at FirstFrame.&lt;init&gt;(FirstFrame.kt:11)
	at FirstFrame.&lt;init&gt;(FirstFrame.kt:11)
	at FirstFrame.&lt;init&gt;(FirstFrame.kt:11)
	at FirstFrame.&lt;init&gt;(FirstFrame.kt:11)
	at FirstFrame.&lt;init&gt;(FirstFrame.kt:11)
	at FirstFrame.&lt;init&gt;(FirstFrame.kt:11)
	at FirstFrame.&lt;init&gt;(FirstFrame.kt:11)
	at FirstFrame.&lt;init&gt;(FirstFrame.kt:11)
	at FirstFrame.&lt;init&gt;(FirstFrame.kt:11)
	at FirstFrame.&lt;init&gt;(FirstFrame.kt:11)
	at FirstFrame.&lt;init&gt;(FirstFrame.kt:11)
	at FirstFrame.&lt;init&gt;(FirstFrame.kt:11)
	at FirstFrame.&lt;init&gt;(FirstFrame.kt:11)
	at FirstFrame.&lt;init&gt;(FirstFrame.kt:11)
	at FirstFrame.&lt;init&gt;(FirstFrame.kt:11)
	at FirstFrame.&lt;init&gt;(FirstFrame.kt:11)
	at FirstFrame.&lt;init&gt;(FirstFrame.kt:11)
	at FirstFrame.&lt;init&gt;(FirstFrame.kt:11)
	at FirstFrame.&lt;init&gt;(FirstFrame.kt:11)
	at FirstFrame.&lt;init&gt;(FirstFrame.kt:11)
	at FirstFrame.&lt;init&gt;(FirstFrame.kt:11)
	at FirstFrame.&lt;init&gt;(FirstFrame.kt:11)
	at FirstFrame.&lt;init&gt;(FirstFrame.kt:11)
	at FirstFrame.&lt;init&gt;(FirstFrame.kt:11)
	at FirstFrame.&lt;init&gt;(FirstFrame.kt:11)
	at FirstFrame.&lt;init&gt;(FirstFrame.kt:11)
	at FirstFrame.&lt;init&gt;(FirstFrame.kt:11)
	at FirstFrame.&lt;init&gt;(FirstFrame.kt:11)
	at FirstFrame.&lt;init&gt;(FirstFrame.kt:11)
	at FirstFrame.&lt;init&gt;(FirstFrame.kt:11)
	at FirstFrame.&lt;init&gt;(FirstFrame.kt:11)
	at FirstFrame.&lt;init&gt;(FirstFrame.kt:11)
	at FirstFrame.&lt;init&gt;(FirstFrame.kt:11)
	at FirstFrame.&lt;init&gt;(FirstFrame.kt:11)
	at FirstFrame.&lt;init&gt;(FirstFrame.kt:11)
	at FirstFrame.&lt;init&gt;(FirstFrame.kt:11)
	at FirstFrame.&lt;init&gt;(FirstFrame.kt:11)
	at FirstFrame.&lt;init&gt;(FirstFrame.kt:11)
	at FirstFrame.&lt;init&gt;(FirstFrame.kt:11)
	at FirstFrame.&lt;init&gt;(FirstFrame.kt:11)
	at FirstFrame.&lt;init&gt;(FirstFrame.kt:11)
	at FirstFrame.&lt;init&gt;(FirstFrame.kt:11)
	at FirstFrame.&lt;init&gt;(FirstFrame.kt:11)
	at FirstFrame.&lt;init&gt;(FirstFrame.kt:11)
	at FirstFrame.&lt;init&gt;(FirstFrame.kt:11)
	at FirstFrame.&lt;init&gt;(FirstFrame.kt:11)
	at FirstFrame.&lt;init&gt;(FirstFrame.kt:11)
	at FirstFrame.&lt;init&gt;(FirstFrame.kt:11)
	at FirstFrame.&lt;init&gt;(FirstFrame.kt:11)
	at FirstFrame.&lt;init&gt;(FirstFrame.kt:11)
	at FirstFrame.&lt;init&gt;(FirstFrame.kt:11)
	at FirstFrame.&lt;init&gt;(FirstFrame.kt:11)
	at FirstFrame.&lt;init&gt;(FirstFrame.kt:11)
	at FirstFrame.&lt;init&gt;(FirstFrame.kt:11)
	at FirstFrame.&lt;init&gt;(FirstFrame.kt:11)
	at FirstFrame.&lt;init&gt;(FirstFrame.kt:11)
	at FirstFrame.&lt;init&gt;(FirstFrame.kt:11)
	at FirstFrame.&lt;init&gt;(FirstFrame.kt:11)
	at FirstFrame.&lt;init&gt;(FirstFrame.kt:11)
	at FirstFrame.&lt;init&gt;(FirstFrame.kt:11)
	at FirstFrame.&lt;init&gt;(FirstFrame.kt:11)
	at FirstFrame.&lt;init&gt;(FirstFrame.kt:11)
	at FirstFrame.&lt;init&gt;(FirstFrame.kt:11)
	at FirstFrame.&lt;init&gt;(FirstFrame.kt:11)
	at FirstFrame.&lt;init&gt;(FirstFrame.kt:11)
	at FirstFrame.&lt;init&gt;(FirstFrame.kt:11)
	at FirstFrame.&lt;init&gt;(FirstFrame.kt:11)
	at FirstFrame.&lt;init&gt;(FirstFrame.kt:11)
	at FirstFrame.&lt;init&gt;(FirstFrame.kt:11)
	at FirstFrame.&lt;init&gt;(FirstFrame.kt:11)
	at FirstFrame.&lt;init&gt;(FirstFrame.kt:11)
	at FirstFrame.&lt;init&gt;(FirstFrame.kt:11)
	at FirstFrame.&lt;init&gt;(FirstFrame.kt:11)
	at FirstFrame.&lt;init&gt;(FirstFrame.kt:11)
	at FirstFrame.&lt;init&gt;(FirstFrame.kt:11)
	at FirstFrame.&lt;init&gt;(FirstFrame.kt:11)
	at FirstFrame.&lt;init&gt;(FirstFrame.kt:11)
	at FirstFrame.&lt;init&gt;(FirstFrame.kt:11)
	at FirstFrame.&lt;init&gt;(FirstFrame.kt:11)
	at FirstFrame.&lt;init&gt;(FirstFrame.kt:11)
	at FirstFrame.&lt;init&gt;(FirstFrame.kt:11)
	at FirstFrame.&lt;init&gt;(FirstFrame.kt:11)
	at FirstFrame.&lt;init&gt;(FirstFrame.kt:11)
	at FirstFrame.&lt;init&gt;(FirstFrame.kt:11)
	at FirstFrame.&lt;init&gt;(FirstFrame.kt:11)
	at FirstFrame.&lt;init&gt;(FirstFrame.kt:11)
	at FirstFrame.&lt;init&gt;(FirstFrame.kt:11)
	at FirstFrame.&lt;init&gt;(FirstFrame.kt:11)
	at FirstFrame.&lt;init&gt;(FirstFrame.kt:11)
	at FirstFrame.&lt;init&gt;(FirstFrame.kt:11)
	at FirstFrame.&lt;init&gt;(FirstFrame.kt:11)
	at FirstFrame.&lt;init&gt;(FirstFrame.kt:11)
	at FirstFrame.&lt;init&gt;(FirstFrame.kt:11)
	at FirstFrame.&lt;init&gt;(FirstFrame.kt:11)
	at FirstFrame.&lt;init&gt;(FirstFrame.kt:11)
	at FirstFrame.&lt;init&gt;(FirstFrame.kt:11)
	at FirstFrame.&lt;init&gt;(FirstFrame.kt:11)
	at FirstFrame.&lt;init&gt;(FirstFrame.kt:11)
	at FirstFrame.&lt;init&gt;(FirstFrame.kt:11)
	at FirstFrame.&lt;init&gt;(FirstFrame.kt:11)
	at FirstFrame.&lt;init&gt;(FirstFrame.kt:11)
	at FirstFrame.&lt;init&gt;(FirstFrame.kt:11)
</failure>
  </testcase>
  <testcase name="updateExisting" classname="WallServiceTest" time="0.041">
    <failure message="java.lang.StackOverflowError" type="java.lang.StackOverflowError">java.lang.StackOverflowError
	at FirstFrame.&lt;init&gt;(FirstFrame.kt)
	at FirstFrame.&lt;init&gt;(FirstFrame.kt:11)
	at FirstFrame.&lt;init&gt;(FirstFrame.kt:11)
	at FirstFrame.&lt;init&gt;(FirstFrame.kt:11)
	at FirstFrame.&lt;init&gt;(FirstFrame.kt:11)
	at FirstFrame.&lt;init&gt;(FirstFrame.kt:11)
	at FirstFrame.&lt;init&gt;(FirstFrame.kt:11)
	at FirstFrame.&lt;init&gt;(FirstFrame.kt:11)
	at FirstFrame.&lt;init&gt;(FirstFrame.kt:11)
	at FirstFrame.&lt;init&gt;(FirstFrame.kt:11)
	at FirstFrame.&lt;init&gt;(FirstFrame.kt:11)
	at FirstFrame.&lt;init&gt;(FirstFrame.kt:11)
	at FirstFrame.&lt;init&gt;(FirstFrame.kt:11)
	at FirstFrame.&lt;init&gt;(FirstFrame.kt:11)
	at FirstFrame.&lt;init&gt;(FirstFrame.kt:11)
	at FirstFrame.&lt;init&gt;(FirstFrame.kt:11)
	at FirstFrame.&lt;init&gt;(FirstFrame.kt:11)
	at FirstFrame.&lt;init&gt;(FirstFrame.kt:11)
	at FirstFrame.&lt;init&gt;(FirstFrame.kt:11)
	at FirstFrame.&lt;init&gt;(FirstFrame.kt:11)
	at FirstFrame.&lt;init&gt;(FirstFrame.kt:11)
	at FirstFrame.&lt;init&gt;(FirstFrame.kt:11)
	at FirstFrame.&lt;init&gt;(FirstFrame.kt:11)
	at FirstFrame.&lt;init&gt;(FirstFrame.kt:11)
	at FirstFrame.&lt;init&gt;(FirstFrame.kt:11)
	at FirstFrame.&lt;init&gt;(FirstFrame.kt:11)
	at FirstFrame.&lt;init&gt;(FirstFrame.kt:11)
	at FirstFrame.&lt;init&gt;(FirstFrame.kt:11)
	at FirstFrame.&lt;init&gt;(FirstFrame.kt:11)
	at FirstFrame.&lt;init&gt;(FirstFrame.kt:11)
	at FirstFrame.&lt;init&gt;(FirstFrame.kt:11)
	at FirstFrame.&lt;init&gt;(FirstFrame.kt:11)
	at FirstFrame.&lt;init&gt;(FirstFrame.kt:11)
	at FirstFrame.&lt;init&gt;(FirstFrame.kt:11)
	at FirstFrame.&lt;init&gt;(FirstFrame.kt:11)
	at FirstFrame.&lt;init&gt;(FirstFrame.kt:11)
	at FirstFrame.&lt;init&gt;(FirstFrame.kt:11)
	at FirstFrame.&lt;init&gt;(FirstFrame.kt:11)
	at FirstFrame.&lt;init&gt;(FirstFrame.kt:11)
	at FirstFrame.&lt;init&gt;(FirstFrame.kt:11)
	at FirstFrame.&lt;init&gt;(FirstFrame.kt:11)
	at FirstFrame.&lt;init&gt;(FirstFrame.kt:11)
	at FirstFrame.&lt;init&gt;(FirstFrame.kt:11)
	at FirstFrame.&lt;init&gt;(FirstFrame.kt:11)
	at FirstFrame.&lt;init&gt;(FirstFrame.kt:11)
	at FirstFrame.&lt;init&gt;(FirstFrame.kt:11)
	at FirstFrame.&lt;init&gt;(FirstFrame.kt:11)
	at FirstFrame.&lt;init&gt;(FirstFrame.kt:11)
	at FirstFrame.&lt;init&gt;(FirstFrame.kt:11)
	at FirstFrame.&lt;init&gt;(FirstFrame.kt:11)
	at FirstFrame.&lt;init&gt;(FirstFrame.kt:11)
	at FirstFrame.&lt;init&gt;(FirstFrame.kt:11)
	at FirstFrame.&lt;init&gt;(FirstFrame.kt:11)
	at FirstFrame.&lt;init&gt;(FirstFrame.kt:11)
	at FirstFrame.&lt;init&gt;(FirstFrame.kt:11)
	at FirstFrame.&lt;init&gt;(FirstFrame.kt:11)
	at FirstFrame.&lt;init&gt;(FirstFrame.kt:11)
	at FirstFrame.&lt;init&gt;(FirstFrame.kt:11)
	at FirstFrame.&lt;init&gt;(FirstFrame.kt:11)
	at FirstFrame.&lt;init&gt;(FirstFrame.kt:11)
	at FirstFrame.&lt;init&gt;(FirstFrame.kt:11)
	at FirstFrame.&lt;init&gt;(FirstFrame.kt:11)
	at FirstFrame.&lt;init&gt;(FirstFrame.kt:11)
	at FirstFrame.&lt;init&gt;(FirstFrame.kt:11)
	at FirstFrame.&lt;init&gt;(FirstFrame.kt:11)
	at FirstFrame.&lt;init&gt;(FirstFrame.kt:11)
	at FirstFrame.&lt;init&gt;(FirstFrame.kt:11)
	at FirstFrame.&lt;init&gt;(FirstFrame.kt:11)
	at FirstFrame.&lt;init&gt;(FirstFrame.kt:11)
	at FirstFrame.&lt;init&gt;(FirstFrame.kt:11)
	at FirstFrame.&lt;init&gt;(FirstFrame.kt:11)
	at FirstFrame.&lt;init&gt;(FirstFrame.kt:11)
	at FirstFrame.&lt;init&gt;(FirstFrame.kt:11)
	at FirstFrame.&lt;init&gt;(FirstFrame.kt:11)
	at FirstFrame.&lt;init&gt;(FirstFrame.kt:11)
	at FirstFrame.&lt;init&gt;(FirstFrame.kt:11)
	at FirstFrame.&lt;init&gt;(FirstFrame.kt:11)
	at FirstFrame.&lt;init&gt;(FirstFrame.kt:11)
	at FirstFrame.&lt;init&gt;(FirstFrame.kt:11)
	at FirstFrame.&lt;init&gt;(FirstFrame.kt:11)
	at FirstFrame.&lt;init&gt;(FirstFrame.kt:11)
	at FirstFrame.&lt;init&gt;(FirstFrame.kt:11)
	at FirstFrame.&lt;init&gt;(FirstFrame.kt:11)
	at FirstFrame.&lt;init&gt;(FirstFrame.kt:11)
	at FirstFrame.&lt;init&gt;(FirstFrame.kt:11)
	at FirstFrame.&lt;init&gt;(FirstFrame.kt:11)
	at FirstFrame.&lt;init&gt;(FirstFrame.kt:11)
	at FirstFrame.&lt;init&gt;(FirstFrame.kt:11)
	at FirstFrame.&lt;init&gt;(FirstFrame.kt:11)
	at FirstFrame.&lt;init&gt;(FirstFrame.kt:11)
	at FirstFrame.&lt;init&gt;(FirstFrame.kt:11)
	at FirstFrame.&lt;init&gt;(FirstFrame.kt:11)
	at FirstFrame.&lt;init&gt;(FirstFrame.kt:11)
	at FirstFrame.&lt;init&gt;(FirstFrame.kt:11)
	at FirstFrame.&lt;init&gt;(FirstFrame.kt:11)
	at FirstFrame.&lt;init&gt;(FirstFrame.kt:11)
	at FirstFrame.&lt;init&gt;(FirstFrame.kt:11)
	at FirstFrame.&lt;init&gt;(FirstFrame.kt:11)
	at FirstFrame.&lt;init&gt;(FirstFrame.kt:11)
	at FirstFrame.&lt;init&gt;(FirstFrame.kt:11)
	at FirstFrame.&lt;init&gt;(FirstFrame.kt:11)
	at FirstFrame.&lt;init&gt;(FirstFrame.kt:11)
	at FirstFrame.&lt;init&gt;(FirstFrame.kt:11)
	at FirstFrame.&lt;init&gt;(FirstFrame.kt:11)
	at FirstFrame.&lt;init&gt;(FirstFrame.kt:11)
	at FirstFrame.&lt;init&gt;(FirstFrame.kt:11)
	at FirstFrame.&lt;init&gt;(FirstFrame.kt:11)
	at FirstFrame.&lt;init&gt;(FirstFrame.kt:11)
	at FirstFrame.&lt;init&gt;(FirstFrame.kt:11)
	at FirstFrame.&lt;init&gt;(FirstFrame.kt:11)
	at FirstFrame.&lt;init&gt;(FirstFrame.kt:11)
	at FirstFrame.&lt;init&gt;(FirstFrame.kt:11)
	at FirstFrame.&lt;init&gt;(FirstFrame.kt:11)
	at FirstFrame.&lt;init&gt;(FirstFrame.kt:11)
	at FirstFrame.&lt;init&gt;(FirstFrame.kt:11)
	at FirstFrame.&lt;init&gt;(FirstFrame.kt:11)
	at FirstFrame.&lt;init&gt;(FirstFrame.kt:11)
	at FirstFrame.&lt;init&gt;(FirstFrame.kt:11)
	at FirstFrame.&lt;init&gt;(FirstFrame.kt:11)
	at FirstFrame.&lt;init&gt;(FirstFrame.kt:11)
	at FirstFrame.&lt;init&gt;(FirstFrame.kt:11)
	at FirstFrame.&lt;init&gt;(FirstFrame.kt:11)
	at FirstFrame.&lt;init&gt;(FirstFrame.kt:11)
	at FirstFrame.&lt;init&gt;(FirstFrame.kt:11)
	at FirstFrame.&lt;init&gt;(FirstFrame.kt:11)
	at FirstFrame.&lt;init&gt;(FirstFrame.kt:11)
	at FirstFrame.&lt;init&gt;(FirstFrame.kt:11)
	at FirstFrame.&lt;init&gt;(FirstFrame.kt:11)
	at FirstFrame.&lt;init&gt;(FirstFrame.kt:11)
	at FirstFrame.&lt;init&gt;(FirstFrame.kt:11)
	at FirstFrame.&lt;init&gt;(FirstFrame.kt:11)
	at FirstFrame.&lt;init&gt;(FirstFrame.kt:11)
	at FirstFrame.&lt;init&gt;(FirstFrame.kt:11)
	at FirstFrame.&lt;init&gt;(FirstFrame.kt:11)
	at FirstFrame.&lt;init&gt;(FirstFrame.kt:11)
	at FirstFrame.&lt;init&gt;(FirstFrame.kt:11)
	at FirstFrame.&lt;init&gt;(FirstFrame.kt:11)
	at FirstFrame.&lt;init&gt;(FirstFrame.kt:11)
	at FirstFrame.&lt;init&gt;(FirstFrame.kt:11)
	at FirstFrame.&lt;init&gt;(FirstFrame.kt:11)
	at FirstFrame.&lt;init&gt;(FirstFrame.kt:11)
	at FirstFrame.&lt;init&gt;(FirstFrame.kt:11)
	at FirstFrame.&lt;init&gt;(FirstFrame.kt:11)
	at FirstFrame.&lt;init&gt;(FirstFrame.kt:11)
	at FirstFrame.&lt;init&gt;(FirstFrame.kt:11)
	at FirstFrame.&lt;init&gt;(FirstFrame.kt:11)
	at FirstFrame.&lt;init&gt;(FirstFrame.kt:11)
	at FirstFrame.&lt;init&gt;(FirstFrame.kt:11)
	at FirstFrame.&lt;init&gt;(FirstFrame.kt:11)
	at FirstFrame.&lt;init&gt;(FirstFrame.kt:11)
	at FirstFrame.&lt;init&gt;(FirstFrame.kt:11)
	at FirstFrame.&lt;init&gt;(FirstFrame.kt:11)
	at FirstFrame.&lt;init&gt;(FirstFrame.kt:11)
	at FirstFrame.&lt;init&gt;(FirstFrame.kt:11)
	at FirstFrame.&lt;init&gt;(FirstFrame.kt:11)
	at FirstFrame.&lt;init&gt;(FirstFrame.kt:11)
	at FirstFrame.&lt;init&gt;(FirstFrame.kt:11)
	at FirstFrame.&lt;init&gt;(FirstFrame.kt:11)
	at FirstFrame.&lt;init&gt;(FirstFrame.kt:11)
	at FirstFrame.&lt;init&gt;(FirstFrame.kt:11)
	at FirstFrame.&lt;init&gt;(FirstFrame.kt:11)
	at FirstFrame.&lt;init&gt;(FirstFrame.kt:11)
	at FirstFrame.&lt;init&gt;(FirstFrame.kt:11)
	at FirstFrame.&lt;init&gt;(FirstFrame.kt:11)
	at FirstFrame.&lt;init&gt;(FirstFrame.kt:11)
	at FirstFrame.&lt;init&gt;(FirstFrame.kt:11)
	at FirstFrame.&lt;init&gt;(FirstFrame.kt:11)
	at FirstFrame.&lt;init&gt;(FirstFrame.kt:11)
	at FirstFrame.&lt;init&gt;(FirstFrame.kt:11)
	at FirstFrame.&lt;init&gt;(FirstFrame.kt:11)
	at FirstFrame.&lt;init&gt;(FirstFrame.kt:11)
	at FirstFrame.&lt;init&gt;(FirstFrame.kt:11)
	at FirstFrame.&lt;init&gt;(FirstFrame.kt:11)
	at FirstFrame.&lt;init&gt;(FirstFrame.kt:11)
	at FirstFrame.&lt;init&gt;(FirstFrame.kt:11)
	at FirstFrame.&lt;init&gt;(FirstFrame.kt:11)
	at FirstFrame.&lt;init&gt;(FirstFrame.kt:11)
	at FirstFrame.&lt;init&gt;(FirstFrame.kt:11)
	at FirstFrame.&lt;init&gt;(FirstFrame.kt:11)
	at FirstFrame.&lt;init&gt;(FirstFrame.kt:11)
	at FirstFrame.&lt;init&gt;(FirstFrame.kt:11)
	at FirstFrame.&lt;init&gt;(FirstFrame.kt:11)
	at FirstFrame.&lt;init&gt;(FirstFrame.kt:11)
	at FirstFrame.&lt;init&gt;(FirstFrame.kt:11)
	at FirstFrame.&lt;init&gt;(FirstFrame.kt:11)
	at FirstFrame.&lt;init&gt;(FirstFrame.kt:11)
	at FirstFrame.&lt;init&gt;(FirstFrame.kt:11)
	at FirstFrame.&lt;init&gt;(FirstFrame.kt:11)
	at FirstFrame.&lt;init&gt;(FirstFrame.kt:11)
	at FirstFrame.&lt;init&gt;(FirstFrame.kt:11)
	at FirstFrame.&lt;init&gt;(FirstFrame.kt:11)
	at FirstFrame.&lt;init&gt;(FirstFrame.kt:11)
	at FirstFrame.&lt;init&gt;(FirstFrame.kt:11)
	at FirstFrame.&lt;init&gt;(FirstFrame.kt:11)
	at FirstFrame.&lt;init&gt;(FirstFrame.kt:11)
	at FirstFrame.&lt;init&gt;(FirstFrame.kt:11)
	at FirstFrame.&lt;init&gt;(FirstFrame.kt:11)
	at FirstFrame.&lt;init&gt;(FirstFrame.kt:11)
	at FirstFrame.&lt;init&gt;(FirstFrame.kt:11)
	at FirstFrame.&lt;init&gt;(FirstFrame.kt:11)
	at FirstFrame.&lt;init&gt;(FirstFrame.kt:11)
	at FirstFrame.&lt;init&gt;(FirstFrame.kt:11)
	at FirstFrame.&lt;init&gt;(FirstFrame.kt:11)
	at FirstFrame.&lt;init&gt;(FirstFrame.kt:11)
	at FirstFrame.&lt;init&gt;(FirstFrame.kt:11)
	at FirstFrame.&lt;init&gt;(FirstFrame.kt:11)
	at FirstFrame.&lt;init&gt;(FirstFrame.kt:11)
	at FirstFrame.&lt;init&gt;(FirstFrame.kt:11)
	at FirstFrame.&lt;init&gt;(FirstFrame.kt:11)
	at FirstFrame.&lt;init&gt;(FirstFrame.kt:11)
	at FirstFrame.&lt;init&gt;(FirstFrame.kt:11)
	at FirstFrame.&lt;init&gt;(FirstFrame.kt:11)
	at FirstFrame.&lt;init&gt;(FirstFrame.kt:11)
	at FirstFrame.&lt;init&gt;(FirstFrame.kt:11)
	at FirstFrame.&lt;init&gt;(FirstFrame.kt:11)
	at FirstFrame.&lt;init&gt;(FirstFrame.kt:11)
	at FirstFrame.&lt;init&gt;(FirstFrame.kt:11)
	at FirstFrame.&lt;init&gt;(FirstFrame.kt:11)
	at FirstFrame.&lt;init&gt;(FirstFrame.kt:11)
	at FirstFrame.&lt;init&gt;(FirstFrame.kt:11)
	at FirstFrame.&lt;init&gt;(FirstFrame.kt:11)
	at FirstFrame.&lt;init&gt;(FirstFrame.kt:11)
	at FirstFrame.&lt;init&gt;(FirstFrame.kt:11)
	at FirstFrame.&lt;init&gt;(FirstFrame.kt:11)
	at FirstFrame.&lt;init&gt;(FirstFrame.kt:11)
	at FirstFrame.&lt;init&gt;(FirstFrame.kt:11)
	at FirstFrame.&lt;init&gt;(FirstFrame.kt:11)
	at FirstFrame.&lt;init&gt;(FirstFrame.kt:11)
	at FirstFrame.&lt;init&gt;(FirstFrame.kt:11)
	at FirstFrame.&lt;init&gt;(FirstFrame.kt:11)
	at FirstFrame.&lt;init&gt;(FirstFrame.kt:11)
	at FirstFrame.&lt;init&gt;(FirstFrame.kt:11)
	at FirstFrame.&lt;init&gt;(FirstFrame.kt:11)
	at FirstFrame.&lt;init&gt;(FirstFrame.kt:11)
	at FirstFrame.&lt;init&gt;(FirstFrame.kt:11)
	at FirstFrame.&lt;init&gt;(FirstFrame.kt:11)
	at FirstFrame.&lt;init&gt;(FirstFrame.kt:11)
	at FirstFrame.&lt;init&gt;(FirstFrame.kt:11)
	at FirstFrame.&lt;init&gt;(FirstFrame.kt:11)
	at FirstFrame.&lt;init&gt;(FirstFrame.kt:11)
	at FirstFrame.&lt;init&gt;(FirstFrame.kt:11)
	at FirstFrame.&lt;init&gt;(FirstFrame.kt:11)
	at FirstFrame.&lt;init&gt;(FirstFrame.kt:11)
	at FirstFrame.&lt;init&gt;(FirstFrame.kt:11)
	at FirstFrame.&lt;init&gt;(FirstFrame.kt:11)
	at FirstFrame.&lt;init&gt;(FirstFrame.kt:11)
	at FirstFrame.&lt;init&gt;(FirstFrame.kt:11)
	at FirstFrame.&lt;init&gt;(FirstFrame.kt:11)
	at FirstFrame.&lt;init&gt;(FirstFrame.kt:11)
	at FirstFrame.&lt;init&gt;(FirstFrame.kt:11)
	at FirstFrame.&lt;init&gt;(FirstFrame.kt:11)
	at FirstFrame.&lt;init&gt;(FirstFrame.kt:11)
	at FirstFrame.&lt;init&gt;(FirstFrame.kt:11)
	at FirstFrame.&lt;init&gt;(FirstFrame.kt:11)
	at FirstFrame.&lt;init&gt;(FirstFrame.kt:11)
	at FirstFrame.&lt;init&gt;(FirstFrame.kt:11)
	at FirstFrame.&lt;init&gt;(FirstFrame.kt:11)
	at FirstFrame.&lt;init&gt;(FirstFrame.kt:11)
	at FirstFrame.&lt;init&gt;(FirstFrame.kt:11)
	at FirstFrame.&lt;init&gt;(FirstFrame.kt:11)
	at FirstFrame.&lt;init&gt;(FirstFrame.kt:11)
	at FirstFrame.&lt;init&gt;(FirstFrame.kt:11)
	at FirstFrame.&lt;init&gt;(FirstFrame.kt:11)
	at FirstFrame.&lt;init&gt;(FirstFrame.kt:11)
	at FirstFrame.&lt;init&gt;(FirstFrame.kt:11)
	at FirstFrame.&lt;init&gt;(FirstFrame.kt:11)
	at FirstFrame.&lt;init&gt;(FirstFrame.kt:11)
	at FirstFrame.&lt;init&gt;(FirstFrame.kt:11)
	at FirstFrame.&lt;init&gt;(FirstFrame.kt:11)
	at FirstFrame.&lt;init&gt;(FirstFrame.kt:11)
	at FirstFrame.&lt;init&gt;(FirstFrame.kt:11)
	at FirstFrame.&lt;init&gt;(FirstFrame.kt:11)
	at FirstFrame.&lt;init&gt;(FirstFrame.kt:11)
	at FirstFrame.&lt;init&gt;(FirstFrame.kt:11)
	at FirstFrame.&lt;init&gt;(FirstFrame.kt:11)
	at FirstFrame.&lt;init&gt;(FirstFrame.kt:11)
	at FirstFrame.&lt;init&gt;(FirstFrame.kt:11)
	at FirstFrame.&lt;init&gt;(FirstFrame.kt:11)
	at FirstFrame.&lt;init&gt;(FirstFrame.kt:11)
	at FirstFrame.&lt;init&gt;(FirstFrame.kt:11)
	at FirstFrame.&lt;init&gt;(FirstFrame.kt:11)
	at FirstFrame.&lt;init&gt;(FirstFrame.kt:11)
	at FirstFrame.&lt;init&gt;(FirstFrame.kt:11)
	at FirstFrame.&lt;init&gt;(FirstFrame.kt:11)
	at FirstFrame.&lt;init&gt;(FirstFrame.kt:11)
	at FirstFrame.&lt;init&gt;(FirstFrame.kt:11)
	at FirstFrame.&lt;init&gt;(FirstFrame.kt:11)
	at FirstFrame.&lt;init&gt;(FirstFrame.kt:11)
	at FirstFrame.&lt;init&gt;(FirstFrame.kt:11)
	at FirstFrame.&lt;init&gt;(FirstFrame.kt:11)
	at FirstFrame.&lt;init&gt;(FirstFrame.kt:11)
	at FirstFrame.&lt;init&gt;(FirstFrame.kt:11)
	at FirstFrame.&lt;init&gt;(FirstFrame.kt:11)
	at FirstFrame.&lt;init&gt;(FirstFrame.kt:11)
	at FirstFrame.&lt;init&gt;(FirstFrame.kt:11)
	at FirstFrame.&lt;init&gt;(FirstFrame.kt:11)
	at FirstFrame.&lt;init&gt;(FirstFrame.kt:11)
	at FirstFrame.&lt;init&gt;(FirstFrame.kt:11)
	at FirstFrame.&lt;init&gt;(FirstFrame.kt:11)
	at FirstFrame.&lt;init&gt;(FirstFrame.kt:11)
	at FirstFrame.&lt;init&gt;(FirstFrame.kt:11)
	at FirstFrame.&lt;init&gt;(FirstFrame.kt:11)
	at FirstFrame.&lt;init&gt;(FirstFrame.kt:11)
	at FirstFrame.&lt;init&gt;(FirstFrame.kt:11)
	at FirstFrame.&lt;init&gt;(FirstFrame.kt:11)
	at FirstFrame.&lt;init&gt;(FirstFrame.kt:11)
	at FirstFrame.&lt;init&gt;(FirstFrame.kt:11)
	at FirstFrame.&lt;init&gt;(FirstFrame.kt:11)
	at FirstFrame.&lt;init&gt;(FirstFrame.kt:11)
	at FirstFrame.&lt;init&gt;(FirstFrame.kt:11)
	at FirstFrame.&lt;init&gt;(FirstFrame.kt:11)
	at FirstFrame.&lt;init&gt;(FirstFrame.kt:11)
	at FirstFrame.&lt;init&gt;(FirstFrame.kt:11)
	at FirstFrame.&lt;init&gt;(FirstFrame.kt:11)
	at FirstFrame.&lt;init&gt;(FirstFrame.kt:11)
	at FirstFrame.&lt;init&gt;(FirstFrame.kt:11)
	at FirstFrame.&lt;init&gt;(FirstFrame.kt:11)
	at FirstFrame.&lt;init&gt;(FirstFrame.kt:11)
	at FirstFrame.&lt;init&gt;(FirstFrame.kt:11)
	at FirstFrame.&lt;init&gt;(FirstFrame.kt:11)
	at FirstFrame.&lt;init&gt;(FirstFrame.kt:11)
	at FirstFrame.&lt;init&gt;(FirstFrame.kt:11)
	at FirstFrame.&lt;init&gt;(FirstFrame.kt:11)
	at FirstFrame.&lt;init&gt;(FirstFrame.kt:11)
	at FirstFrame.&lt;init&gt;(FirstFrame.kt:11)
	at FirstFrame.&lt;init&gt;(FirstFrame.kt:11)
	at FirstFrame.&lt;init&gt;(FirstFrame.kt:11)
	at FirstFrame.&lt;init&gt;(FirstFrame.kt:11)
	at FirstFrame.&lt;init&gt;(FirstFrame.kt:11)
	at FirstFrame.&lt;init&gt;(FirstFrame.kt:11)
	at FirstFrame.&lt;init&gt;(FirstFrame.kt:11)
	at FirstFrame.&lt;init&gt;(FirstFrame.kt:11)
	at FirstFrame.&lt;init&gt;(FirstFrame.kt:11)
	at FirstFrame.&lt;init&gt;(FirstFrame.kt:11)
	at FirstFrame.&lt;init&gt;(FirstFrame.kt:11)
	at FirstFrame.&lt;init&gt;(FirstFrame.kt:11)
	at FirstFrame.&lt;init&gt;(FirstFrame.kt:11)
	at FirstFrame.&lt;init&gt;(FirstFrame.kt:11)
	at FirstFrame.&lt;init&gt;(FirstFrame.kt:11)
	at FirstFrame.&lt;init&gt;(FirstFrame.kt:11)
	at FirstFrame.&lt;init&gt;(FirstFrame.kt:11)
	at FirstFrame.&lt;init&gt;(FirstFrame.kt:11)
	at FirstFrame.&lt;init&gt;(FirstFrame.kt:11)
	at FirstFrame.&lt;init&gt;(FirstFrame.kt:11)
	at FirstFrame.&lt;init&gt;(FirstFrame.kt:11)
	at FirstFrame.&lt;init&gt;(FirstFrame.kt:11)
	at FirstFrame.&lt;init&gt;(FirstFrame.kt:11)
	at FirstFrame.&lt;init&gt;(FirstFrame.kt:11)
	at FirstFrame.&lt;init&gt;(FirstFrame.kt:11)
	at FirstFrame.&lt;init&gt;(FirstFrame.kt:11)
	at FirstFrame.&lt;init&gt;(FirstFrame.kt:11)
	at FirstFrame.&lt;init&gt;(FirstFrame.kt:11)
	at FirstFrame.&lt;init&gt;(FirstFrame.kt:11)
	at FirstFrame.&lt;init&gt;(FirstFrame.kt:11)
	at FirstFrame.&lt;init&gt;(FirstFrame.kt:11)
	at FirstFrame.&lt;init&gt;(FirstFrame.kt:11)
	at FirstFrame.&lt;init&gt;(FirstFrame.kt:11)
	at FirstFrame.&lt;init&gt;(FirstFrame.kt:11)
	at FirstFrame.&lt;init&gt;(FirstFrame.kt:11)
	at FirstFrame.&lt;init&gt;(FirstFrame.kt:11)
	at FirstFrame.&lt;init&gt;(FirstFrame.kt:11)
	at FirstFrame.&lt;init&gt;(FirstFrame.kt:11)
	at FirstFrame.&lt;init&gt;(FirstFrame.kt:11)
	at FirstFrame.&lt;init&gt;(FirstFrame.kt:11)
	at FirstFrame.&lt;init&gt;(FirstFrame.kt:11)
	at FirstFrame.&lt;init&gt;(FirstFrame.kt:11)
	at FirstFrame.&lt;init&gt;(FirstFrame.kt:11)
	at FirstFrame.&lt;init&gt;(FirstFrame.kt:11)
	at FirstFrame.&lt;init&gt;(FirstFrame.kt:11)
	at FirstFrame.&lt;init&gt;(FirstFrame.kt:11)
	at FirstFrame.&lt;init&gt;(FirstFrame.kt:11)
	at FirstFrame.&lt;init&gt;(FirstFrame.kt:11)
	at FirstFrame.&lt;init&gt;(FirstFrame.kt:11)
	at FirstFrame.&lt;init&gt;(FirstFrame.kt:11)
	at FirstFrame.&lt;init&gt;(FirstFrame.kt:11)
	at FirstFrame.&lt;init&gt;(FirstFrame.kt:11)
	at FirstFrame.&lt;init&gt;(FirstFrame.kt:11)
	at FirstFrame.&lt;init&gt;(FirstFrame.kt:11)
	at FirstFrame.&lt;init&gt;(FirstFrame.kt:11)
	at FirstFrame.&lt;init&gt;(FirstFrame.kt:11)
	at FirstFrame.&lt;init&gt;(FirstFrame.kt:11)
	at FirstFrame.&lt;init&gt;(FirstFrame.kt:11)
	at FirstFrame.&lt;init&gt;(FirstFrame.kt:11)
	at FirstFrame.&lt;init&gt;(FirstFrame.kt:11)
	at FirstFrame.&lt;init&gt;(FirstFrame.kt:11)
	at FirstFrame.&lt;init&gt;(FirstFrame.kt:11)
	at FirstFrame.&lt;init&gt;(FirstFrame.kt:11)
	at FirstFrame.&lt;init&gt;(FirstFrame.kt:11)
	at FirstFrame.&lt;init&gt;(FirstFrame.kt:11)
	at FirstFrame.&lt;init&gt;(FirstFrame.kt:11)
	at FirstFrame.&lt;init&gt;(FirstFrame.kt:11)
	at FirstFrame.&lt;init&gt;(FirstFrame.kt:11)
	at FirstFrame.&lt;init&gt;(FirstFrame.kt:11)
	at FirstFrame.&lt;init&gt;(FirstFrame.kt:11)
	at FirstFrame.&lt;init&gt;(FirstFrame.kt:11)
	at FirstFrame.&lt;init&gt;(FirstFrame.kt:11)
	at FirstFrame.&lt;init&gt;(FirstFrame.kt:11)
	at FirstFrame.&lt;init&gt;(FirstFrame.kt:11)
	at FirstFrame.&lt;init&gt;(FirstFrame.kt:11)
	at FirstFrame.&lt;init&gt;(FirstFrame.kt:11)
	at FirstFrame.&lt;init&gt;(FirstFrame.kt:11)
	at FirstFrame.&lt;init&gt;(FirstFrame.kt:11)
	at FirstFrame.&lt;init&gt;(FirstFrame.kt:11)
	at FirstFrame.&lt;init&gt;(FirstFrame.kt:11)
	at FirstFrame.&lt;init&gt;(FirstFrame.kt:11)
	at FirstFrame.&lt;init&gt;(FirstFrame.kt:11)
	at FirstFrame.&lt;init&gt;(FirstFrame.kt:11)
	at FirstFrame.&lt;init&gt;(FirstFrame.kt:11)
	at FirstFrame.&lt;init&gt;(FirstFrame.kt:11)
	at FirstFrame.&lt;init&gt;(FirstFrame.kt:11)
	at FirstFrame.&lt;init&gt;(FirstFrame.kt:11)
	at FirstFrame.&lt;init&gt;(FirstFrame.kt:11)
	at FirstFrame.&lt;init&gt;(FirstFrame.kt:11)
	at FirstFrame.&lt;init&gt;(FirstFrame.kt:11)
	at FirstFrame.&lt;init&gt;(FirstFrame.kt:11)
	at FirstFrame.&lt;init&gt;(FirstFrame.kt:11)
	at FirstFrame.&lt;init&gt;(FirstFrame.kt:11)
	at FirstFrame.&lt;init&gt;(FirstFrame.kt:11)
	at FirstFrame.&lt;init&gt;(FirstFrame.kt:11)
	at FirstFrame.&lt;init&gt;(FirstFrame.kt:11)
	at FirstFrame.&lt;init&gt;(FirstFrame.kt:11)
	at FirstFrame.&lt;init&gt;(FirstFrame.kt:11)
	at FirstFrame.&lt;init&gt;(FirstFrame.kt:11)
	at FirstFrame.&lt;init&gt;(FirstFrame.kt:11)
	at FirstFrame.&lt;init&gt;(FirstFrame.kt:11)
	at FirstFrame.&lt;init&gt;(FirstFrame.kt:11)
	at FirstFrame.&lt;init&gt;(FirstFrame.kt:11)
	at FirstFrame.&lt;init&gt;(FirstFrame.kt:11)
	at FirstFrame.&lt;init&gt;(FirstFrame.kt:11)
	at FirstFrame.&lt;init&gt;(FirstFrame.kt:11)
	at FirstFrame.&lt;init&gt;(FirstFrame.kt:11)
	at FirstFrame.&lt;init&gt;(FirstFrame.kt:11)
	at FirstFrame.&lt;init&gt;(FirstFrame.kt:11)
	at FirstFrame.&lt;init&gt;(FirstFrame.kt:11)
	at FirstFrame.&lt;init&gt;(FirstFrame.kt:11)
	at FirstFrame.&lt;init&gt;(FirstFrame.kt:11)
	at FirstFrame.&lt;init&gt;(FirstFrame.kt:11)
	at FirstFrame.&lt;init&gt;(FirstFrame.kt:11)
	at FirstFrame.&lt;init&gt;(FirstFrame.kt:11)
	at FirstFrame.&lt;init&gt;(FirstFrame.kt:11)
	at FirstFrame.&lt;init&gt;(FirstFrame.kt:11)
	at FirstFrame.&lt;init&gt;(FirstFrame.kt:11)
	at FirstFrame.&lt;init&gt;(FirstFrame.kt:11)
	at FirstFrame.&lt;init&gt;(FirstFrame.kt:11)
	at FirstFrame.&lt;init&gt;(FirstFrame.kt:11)
	at FirstFrame.&lt;init&gt;(FirstFrame.kt:11)
	at FirstFrame.&lt;init&gt;(FirstFrame.kt:11)
	at FirstFrame.&lt;init&gt;(FirstFrame.kt:11)
	at FirstFrame.&lt;init&gt;(FirstFrame.kt:11)
	at FirstFrame.&lt;init&gt;(FirstFrame.kt:11)
	at FirstFrame.&lt;init&gt;(FirstFrame.kt:11)
	at FirstFrame.&lt;init&gt;(FirstFrame.kt:11)
	at FirstFrame.&lt;init&gt;(FirstFrame.kt:11)
	at FirstFrame.&lt;init&gt;(FirstFrame.kt:11)
	at FirstFrame.&lt;init&gt;(FirstFrame.kt:11)
	at FirstFrame.&lt;init&gt;(FirstFrame.kt:11)
	at FirstFrame.&lt;init&gt;(FirstFrame.kt:11)
	at FirstFrame.&lt;init&gt;(FirstFrame.kt:11)
	at FirstFrame.&lt;init&gt;(FirstFrame.kt:11)
	at FirstFrame.&lt;init&gt;(FirstFrame.kt:11)
	at FirstFrame.&lt;init&gt;(FirstFrame.kt:11)
	at FirstFrame.&lt;init&gt;(FirstFrame.kt:11)
	at FirstFrame.&lt;init&gt;(FirstFrame.kt:11)
	at FirstFrame.&lt;init&gt;(FirstFrame.kt:11)
	at FirstFrame.&lt;init&gt;(FirstFrame.kt:11)
	at FirstFrame.&lt;init&gt;(FirstFrame.kt:11)
	at FirstFrame.&lt;init&gt;(FirstFrame.kt:11)
	at FirstFrame.&lt;init&gt;(FirstFrame.kt:11)
	at FirstFrame.&lt;init&gt;(FirstFrame.kt:11)
	at FirstFrame.&lt;init&gt;(FirstFrame.kt:11)
	at FirstFrame.&lt;init&gt;(FirstFrame.kt:11)
	at FirstFrame.&lt;init&gt;(FirstFrame.kt:11)
	at FirstFrame.&lt;init&gt;(FirstFrame.kt:11)
	at FirstFrame.&lt;init&gt;(FirstFrame.kt:11)
	at FirstFrame.&lt;init&gt;(FirstFrame.kt:11)
	at FirstFrame.&lt;init&gt;(FirstFrame.kt:11)
	at FirstFrame.&lt;init&gt;(FirstFrame.kt:11)
	at FirstFrame.&lt;init&gt;(FirstFrame.kt:11)
	at FirstFrame.&lt;init&gt;(FirstFrame.kt:11)
	at FirstFrame.&lt;init&gt;(FirstFrame.kt:11)
	at FirstFrame.&lt;init&gt;(FirstFrame.kt:11)
	at FirstFrame.&lt;init&gt;(FirstFrame.kt:11)
	at FirstFrame.&lt;init&gt;(FirstFrame.kt:11)
	at FirstFrame.&lt;init&gt;(FirstFrame.kt:11)
	at FirstFrame.&lt;init&gt;(FirstFrame.kt:11)
	at FirstFrame.&lt;init&gt;(FirstFrame.kt:11)
	at FirstFrame.&lt;init&gt;(FirstFrame.kt:11)
	at FirstFrame.&lt;init&gt;(FirstFrame.kt:11)
	at FirstFrame.&lt;init&gt;(FirstFrame.kt:11)
	at FirstFrame.&lt;init&gt;(FirstFrame.kt:11)
	at FirstFrame.&lt;init&gt;(FirstFrame.kt:11)
	at FirstFrame.&lt;init&gt;(FirstFrame.kt:11)
	at FirstFrame.&lt;init&gt;(FirstFrame.kt:11)
	at FirstFrame.&lt;init&gt;(FirstFrame.kt:11)
	at FirstFrame.&lt;init&gt;(FirstFrame.kt:11)
	at FirstFrame.&lt;init&gt;(FirstFrame.kt:11)
	at FirstFrame.&lt;init&gt;(FirstFrame.kt:11)
	at FirstFrame.&lt;init&gt;(FirstFrame.kt:11)
	at FirstFrame.&lt;init&gt;(FirstFrame.kt:11)
	at FirstFrame.&lt;init&gt;(FirstFrame.kt:11)
	at FirstFrame.&lt;init&gt;(FirstFrame.kt:11)
	at FirstFrame.&lt;init&gt;(FirstFrame.kt:11)
	at FirstFrame.&lt;init&gt;(FirstFrame.kt:11)
	at FirstFrame.&lt;init&gt;(FirstFrame.kt:11)
	at FirstFrame.&lt;init&gt;(FirstFrame.kt:11)
	at FirstFrame.&lt;init&gt;(FirstFrame.kt:11)
	at FirstFrame.&lt;init&gt;(FirstFrame.kt:11)
	at FirstFrame.&lt;init&gt;(FirstFrame.kt:11)
	at FirstFrame.&lt;init&gt;(FirstFrame.kt:11)
	at FirstFrame.&lt;init&gt;(FirstFrame.kt:11)
	at FirstFrame.&lt;init&gt;(FirstFrame.kt:11)
	at FirstFrame.&lt;init&gt;(FirstFrame.kt:11)
	at FirstFrame.&lt;init&gt;(FirstFrame.kt:11)
	at FirstFrame.&lt;init&gt;(FirstFrame.kt:11)
	at FirstFrame.&lt;init&gt;(FirstFrame.kt:11)
	at FirstFrame.&lt;init&gt;(FirstFrame.kt:11)
	at FirstFrame.&lt;init&gt;(FirstFrame.kt:11)
	at FirstFrame.&lt;init&gt;(FirstFrame.kt:11)
	at FirstFrame.&lt;init&gt;(FirstFrame.kt:11)
	at FirstFrame.&lt;init&gt;(FirstFrame.kt:11)
	at FirstFrame.&lt;init&gt;(FirstFrame.kt:11)
	at FirstFrame.&lt;init&gt;(FirstFrame.kt:11)
	at FirstFrame.&lt;init&gt;(FirstFrame.kt:11)
	at FirstFrame.&lt;init&gt;(FirstFrame.kt:11)
	at FirstFrame.&lt;init&gt;(FirstFrame.kt:11)
	at FirstFrame.&lt;init&gt;(FirstFrame.kt:11)
	at FirstFrame.&lt;init&gt;(FirstFrame.kt:11)
	at FirstFrame.&lt;init&gt;(FirstFrame.kt:11)
	at FirstFrame.&lt;init&gt;(FirstFrame.kt:11)
	at FirstFrame.&lt;init&gt;(FirstFrame.kt:11)
	at FirstFrame.&lt;init&gt;(FirstFrame.kt:11)
	at FirstFrame.&lt;init&gt;(FirstFrame.kt:11)
	at FirstFrame.&lt;init&gt;(FirstFrame.kt:11)
	at FirstFrame.&lt;init&gt;(FirstFrame.kt:11)
	at FirstFrame.&lt;init&gt;(FirstFrame.kt:11)
	at FirstFrame.&lt;init&gt;(FirstFrame.kt:11)
	at FirstFrame.&lt;init&gt;(FirstFrame.kt:11)
	at FirstFrame.&lt;init&gt;(FirstFrame.kt:11)
	at FirstFrame.&lt;init&gt;(FirstFrame.kt:11)
	at FirstFrame.&lt;init&gt;(FirstFrame.kt:11)
	at FirstFrame.&lt;init&gt;(FirstFrame.kt:11)
	at FirstFrame.&lt;init&gt;(FirstFrame.kt:11)
	at FirstFrame.&lt;init&gt;(FirstFrame.kt:11)
	at FirstFrame.&lt;init&gt;(FirstFrame.kt:11)
	at FirstFrame.&lt;init&gt;(FirstFrame.kt:11)
	at FirstFrame.&lt;init&gt;(FirstFrame.kt:11)
	at FirstFrame.&lt;init&gt;(FirstFrame.kt:11)
	at FirstFrame.&lt;init&gt;(FirstFrame.kt:11)
	at FirstFrame.&lt;init&gt;(FirstFrame.kt:11)
	at FirstFrame.&lt;init&gt;(FirstFrame.kt:11)
	at FirstFrame.&lt;init&gt;(FirstFrame.kt:11)
	at FirstFrame.&lt;init&gt;(FirstFrame.kt:11)
	at FirstFrame.&lt;init&gt;(FirstFrame.kt:11)
	at FirstFrame.&lt;init&gt;(FirstFrame.kt:11)
	at FirstFrame.&lt;init&gt;(FirstFrame.kt:11)
	at FirstFrame.&lt;init&gt;(FirstFrame.kt:11)
	at FirstFrame.&lt;init&gt;(FirstFrame.kt:11)
	at FirstFrame.&lt;init&gt;(FirstFrame.kt:11)
	at FirstFrame.&lt;init&gt;(FirstFrame.kt:11)
	at FirstFrame.&lt;init&gt;(FirstFrame.kt:11)
	at FirstFrame.&lt;init&gt;(FirstFrame.kt:11)
	at FirstFrame.&lt;init&gt;(FirstFrame.kt:11)
	at FirstFrame.&lt;init&gt;(FirstFrame.kt:11)
	at FirstFrame.&lt;init&gt;(FirstFrame.kt:11)
	at FirstFrame.&lt;init&gt;(FirstFrame.kt:11)
	at FirstFrame.&lt;init&gt;(FirstFrame.kt:11)
	at FirstFrame.&lt;init&gt;(FirstFrame.kt:11)
	at FirstFrame.&lt;init&gt;(FirstFrame.kt:11)
	at FirstFrame.&lt;init&gt;(FirstFrame.kt:11)
	at FirstFrame.&lt;init&gt;(FirstFrame.kt:11)
	at FirstFrame.&lt;init&gt;(FirstFrame.kt:11)
	at FirstFrame.&lt;init&gt;(FirstFrame.kt:11)
	at FirstFrame.&lt;init&gt;(FirstFrame.kt:11)
	at FirstFrame.&lt;init&gt;(FirstFrame.kt:11)
	at FirstFrame.&lt;init&gt;(FirstFrame.kt:11)
	at FirstFrame.&lt;init&gt;(FirstFrame.kt:11)
	at FirstFrame.&lt;init&gt;(FirstFrame.kt:11)
	at FirstFrame.&lt;init&gt;(FirstFrame.kt:11)
	at FirstFrame.&lt;init&gt;(FirstFrame.kt:11)
	at FirstFrame.&lt;init&gt;(FirstFrame.kt:11)
	at FirstFrame.&lt;init&gt;(FirstFrame.kt:11)
	at FirstFrame.&lt;init&gt;(FirstFrame.kt:11)
	at FirstFrame.&lt;init&gt;(FirstFrame.kt:11)
	at FirstFrame.&lt;init&gt;(FirstFrame.kt:11)
	at FirstFrame.&lt;init&gt;(FirstFrame.kt:11)
	at FirstFrame.&lt;init&gt;(FirstFrame.kt:11)
	at FirstFrame.&lt;init&gt;(FirstFrame.kt:11)
	at FirstFrame.&lt;init&gt;(FirstFrame.kt:11)
	at FirstFrame.&lt;init&gt;(FirstFrame.kt:11)
	at FirstFrame.&lt;init&gt;(FirstFrame.kt:11)
	at FirstFrame.&lt;init&gt;(FirstFrame.kt:11)
	at FirstFrame.&lt;init&gt;(FirstFrame.kt:11)
	at FirstFrame.&lt;init&gt;(FirstFrame.kt:11)
	at FirstFrame.&lt;init&gt;(FirstFrame.kt:11)
	at FirstFrame.&lt;init&gt;(FirstFrame.kt:11)
	at FirstFrame.&lt;init&gt;(FirstFrame.kt:11)
	at FirstFrame.&lt;init&gt;(FirstFrame.kt:11)
	at FirstFrame.&lt;init&gt;(FirstFrame.kt:11)
	at FirstFrame.&lt;init&gt;(FirstFrame.kt:11)
	at FirstFrame.&lt;init&gt;(FirstFrame.kt:11)
	at FirstFrame.&lt;init&gt;(FirstFrame.kt:11)
	at FirstFrame.&lt;init&gt;(FirstFrame.kt:11)
	at FirstFrame.&lt;init&gt;(FirstFrame.kt:11)
	at FirstFrame.&lt;init&gt;(FirstFrame.kt:11)
	at FirstFrame.&lt;init&gt;(FirstFrame.kt:11)
	at FirstFrame.&lt;init&gt;(FirstFrame.kt:11)
	at FirstFrame.&lt;init&gt;(FirstFrame.kt:11)
	at FirstFrame.&lt;init&gt;(FirstFrame.kt:11)
	at FirstFrame.&lt;init&gt;(FirstFrame.kt:11)
	at FirstFrame.&lt;init&gt;(FirstFrame.kt:11)
	at FirstFrame.&lt;init&gt;(FirstFrame.kt:11)
	at FirstFrame.&lt;init&gt;(FirstFrame.kt:11)
	at FirstFrame.&lt;init&gt;(FirstFrame.kt:11)
	at FirstFrame.&lt;init&gt;(FirstFrame.kt:11)
	at FirstFrame.&lt;init&gt;(FirstFrame.kt:11)
	at FirstFrame.&lt;init&gt;(FirstFrame.kt:11)
	at FirstFrame.&lt;init&gt;(FirstFrame.kt:11)
	at FirstFrame.&lt;init&gt;(FirstFrame.kt:11)
	at FirstFrame.&lt;init&gt;(FirstFrame.kt:11)
	at FirstFrame.&lt;init&gt;(FirstFrame.kt:11)
	at FirstFrame.&lt;init&gt;(FirstFrame.kt:11)
	at FirstFrame.&lt;init&gt;(FirstFrame.kt:11)
	at FirstFrame.&lt;init&gt;(FirstFrame.kt:11)
	at FirstFrame.&lt;init&gt;(FirstFrame.kt:11)
	at FirstFrame.&lt;init&gt;(FirstFrame.kt:11)
	at FirstFrame.&lt;init&gt;(FirstFrame.kt:11)
	at FirstFrame.&lt;init&gt;(FirstFrame.kt:11)
	at FirstFrame.&lt;init&gt;(FirstFrame.kt:11)
	at FirstFrame.&lt;init&gt;(FirstFrame.kt:11)
	at FirstFrame.&lt;init&gt;(FirstFrame.kt:11)
	at FirstFrame.&lt;init&gt;(FirstFrame.kt:11)
	at FirstFrame.&lt;init&gt;(FirstFrame.kt:11)
	at FirstFrame.&lt;init&gt;(FirstFrame.kt:11)
	at FirstFrame.&lt;init&gt;(FirstFrame.kt:11)
	at FirstFrame.&lt;init&gt;(FirstFrame.kt:11)
	at FirstFrame.&lt;init&gt;(FirstFrame.kt:11)
	at FirstFrame.&lt;init&gt;(FirstFrame.kt:11)
	at FirstFrame.&lt;init&gt;(FirstFrame.kt:11)
	at FirstFrame.&lt;init&gt;(FirstFrame.kt:11)
	at FirstFrame.&lt;init&gt;(FirstFrame.kt:11)
	at FirstFrame.&lt;init&gt;(FirstFrame.kt:11)
	at FirstFrame.&lt;init&gt;(FirstFrame.kt:11)
	at FirstFrame.&lt;init&gt;(FirstFrame.kt:11)
	at FirstFrame.&lt;init&gt;(FirstFrame.kt:11)
	at FirstFrame.&lt;init&gt;(FirstFrame.kt:11)
	at FirstFrame.&lt;init&gt;(FirstFrame.kt:11)
	at FirstFrame.&lt;init&gt;(FirstFrame.kt:11)
	at FirstFrame.&lt;init&gt;(FirstFrame.kt:11)
	at FirstFrame.&lt;init&gt;(FirstFrame.kt:11)
	at FirstFrame.&lt;init&gt;(FirstFrame.kt:11)
	at FirstFrame.&lt;init&gt;(FirstFrame.kt:11)
	at FirstFrame.&lt;init&gt;(FirstFrame.kt:11)
	at FirstFrame.&lt;init&gt;(FirstFrame.kt:11)
	at FirstFrame.&lt;init&gt;(FirstFrame.kt:11)
	at FirstFrame.&lt;init&gt;(FirstFrame.kt:11)
	at FirstFrame.&lt;init&gt;(FirstFrame.kt:11)
	at FirstFrame.&lt;init&gt;(FirstFrame.kt:11)
	at FirstFrame.&lt;init&gt;(FirstFrame.kt:11)
	at FirstFrame.&lt;init&gt;(FirstFrame.kt:11)
	at FirstFrame.&lt;init&gt;(FirstFrame.kt:11)
	at FirstFrame.&lt;init&gt;(FirstFrame.kt:11)
	at FirstFrame.&lt;init&gt;(FirstFrame.kt:11)
	at FirstFrame.&lt;init&gt;(FirstFrame.kt:11)
	at FirstFrame.&lt;init&gt;(FirstFrame.kt:11)
	at FirstFrame.&lt;init&gt;(FirstFrame.kt:11)
	at FirstFrame.&lt;init&gt;(FirstFrame.kt:11)
	at FirstFrame.&lt;init&gt;(FirstFrame.kt:11)
	at FirstFrame.&lt;init&gt;(FirstFrame.kt:11)
	at FirstFrame.&lt;init&gt;(FirstFrame.kt:11)
	at FirstFrame.&lt;init&gt;(FirstFrame.kt:11)
	at FirstFrame.&lt;init&gt;(FirstFrame.kt:11)
	at FirstFrame.&lt;init&gt;(FirstFrame.kt:11)
	at FirstFrame.&lt;init&gt;(FirstFrame.kt:11)
	at FirstFrame.&lt;init&gt;(FirstFrame.kt:11)
	at FirstFrame.&lt;init&gt;(FirstFrame.kt:11)
	at FirstFrame.&lt;init&gt;(FirstFrame.kt:11)
	at FirstFrame.&lt;init&gt;(FirstFrame.kt:11)
	at FirstFrame.&lt;init&gt;(FirstFrame.kt:11)
	at FirstFrame.&lt;init&gt;(FirstFrame.kt:11)
	at FirstFrame.&lt;init&gt;(FirstFrame.kt:11)
	at FirstFrame.&lt;init&gt;(FirstFrame.kt:11)
	at FirstFrame.&lt;init&gt;(FirstFrame.kt:11)
	at FirstFrame.&lt;init&gt;(FirstFrame.kt:11)
	at FirstFrame.&lt;init&gt;(FirstFrame.kt:11)
	at FirstFrame.&lt;init&gt;(FirstFrame.kt:11)
	at FirstFrame.&lt;init&gt;(FirstFrame.kt:11)
	at FirstFrame.&lt;init&gt;(FirstFrame.kt:11)
	at FirstFrame.&lt;init&gt;(FirstFrame.kt:11)
	at FirstFrame.&lt;init&gt;(FirstFrame.kt:11)
	at FirstFrame.&lt;init&gt;(FirstFrame.kt:11)
	at FirstFrame.&lt;init&gt;(FirstFrame.kt:11)
	at FirstFrame.&lt;init&gt;(FirstFrame.kt:11)
	at FirstFrame.&lt;init&gt;(FirstFrame.kt:11)
	at FirstFrame.&lt;init&gt;(FirstFrame.kt:11)
	at FirstFrame.&lt;init&gt;(FirstFrame.kt:11)
	at FirstFrame.&lt;init&gt;(FirstFrame.kt:11)
	at FirstFrame.&lt;init&gt;(FirstFrame.kt:11)
	at FirstFrame.&lt;init&gt;(FirstFrame.kt:11)
	at FirstFrame.&lt;init&gt;(FirstFrame.kt:11)
	at FirstFrame.&lt;init&gt;(FirstFrame.kt:11)
	at FirstFrame.&lt;init&gt;(FirstFrame.kt:11)
[...]
	at FirstFrame.&lt;init&gt;(FirstFrame.kt:11)
	at FirstFrame.&lt;init&gt;(FirstFrame.kt:11)
	at FirstFrame.&lt;init&gt;(FirstFrame.kt:11)
	at FirstFrame.&lt;init&gt;(FirstFrame.kt:11)
	at FirstFrame.&lt;init&gt;(FirstFrame.kt:11)
	at FirstFrame.&lt;init&gt;(FirstFrame.kt:11)
	at FirstFrame.&lt;init&gt;(FirstFrame.kt:11)
	at FirstFrame.&lt;init&gt;(FirstFrame.kt:11)
	at FirstFrame.&lt;init&gt;(FirstFrame.kt:11)
	at FirstFrame.&lt;init&gt;(FirstFrame.kt:11)
	at FirstFrame.&lt;init&gt;(FirstFrame.kt:11)
	at FirstFrame.&lt;init&gt;(FirstFrame.kt:11)
	at FirstFrame.&lt;init&gt;(FirstFrame.kt:11)
	at FirstFrame.&lt;init&gt;(FirstFrame.kt:11)
	at FirstFrame.&lt;init&gt;(FirstFrame.kt:11)
	at FirstFrame.&lt;init&gt;(FirstFrame.kt:11)
	at FirstFrame.&lt;init&gt;(FirstFrame.kt:11)
	at FirstFrame.&lt;init&gt;(FirstFrame.kt:11)
	at FirstFrame.&lt;init&gt;(FirstFrame.kt:11)
	at FirstFrame.&lt;init&gt;(FirstFrame.kt:11)
	at FirstFrame.&lt;init&gt;(FirstFrame.kt:11)
	at FirstFrame.&lt;init&gt;(FirstFrame.kt:11)
	at FirstFrame.&lt;init&gt;(FirstFrame.kt:11)
	at FirstFrame.&lt;init&gt;(FirstFrame.kt:11)
	at FirstFrame.&lt;init&gt;(FirstFrame.kt:11)
	at FirstFrame.&lt;init&gt;(FirstFrame.kt:11)
	at FirstFrame.&lt;init&gt;(FirstFrame.kt:11)
	at FirstFrame.&lt;init&gt;(FirstFrame.kt:11)
	at FirstFrame.&lt;init&gt;(FirstFrame.kt:11)
	at FirstFrame.&lt;init&gt;(FirstFrame.kt:11)
	at FirstFrame.&lt;init&gt;(FirstFrame.kt:11)
	at FirstFrame.&lt;init&gt;(FirstFrame.kt:11)
	at FirstFrame.&lt;init&gt;(FirstFrame.kt:11)
	at FirstFrame.&lt;init&gt;(FirstFrame.kt:11)
	at FirstFrame.&lt;init&gt;(FirstFrame.kt:11)
	at FirstFrame.&lt;init&gt;(FirstFrame.kt:11)
	at FirstFrame.&lt;init&gt;(FirstFrame.kt:11)
	at FirstFrame.&lt;init&gt;(FirstFrame.kt:11)
	at FirstFrame.&lt;init&gt;(FirstFrame.kt:11)
	at FirstFrame.&lt;init&gt;(FirstFrame.kt:11)
	at FirstFrame.&lt;init&gt;(FirstFrame.kt:11)
	at FirstFrame.&lt;init&gt;(FirstFrame.kt:11)
	at FirstFrame.&lt;init&gt;(FirstFrame.kt:11)
	at FirstFrame.&lt;init&gt;(FirstFrame.kt:11)
	at FirstFrame.&lt;init&gt;(FirstFrame.kt:11)
	at FirstFrame.&lt;init&gt;(FirstFrame.kt:11)
	at FirstFrame.&lt;init&gt;(FirstFrame.kt:11)
	at FirstFrame.&lt;init&gt;(FirstFrame.kt:11)
	at FirstFrame.&lt;init&gt;(FirstFrame.kt:11)
	at FirstFrame.&lt;init&gt;(FirstFrame.kt:11)
	at FirstFrame.&lt;init&gt;(FirstFrame.kt:11)
	at FirstFrame.&lt;init&gt;(FirstFrame.kt:11)
	at FirstFrame.&lt;init&gt;(FirstFrame.kt:11)
	at FirstFrame.&lt;init&gt;(FirstFrame.kt:11)
	at FirstFrame.&lt;init&gt;(FirstFrame.kt:11)
	at FirstFrame.&lt;init&gt;(FirstFrame.kt:11)
	at FirstFrame.&lt;init&gt;(FirstFrame.kt:11)
	at FirstFrame.&lt;init&gt;(FirstFrame.kt:11)
	at FirstFrame.&lt;init&gt;(FirstFrame.kt:11)
	at FirstFrame.&lt;init&gt;(FirstFrame.kt:11)
	at FirstFrame.&lt;init&gt;(FirstFrame.kt:11)
	at FirstFrame.&lt;init&gt;(FirstFrame.kt:11)
	at FirstFrame.&lt;init&gt;(FirstFrame.kt:11)
	at FirstFrame.&lt;init&gt;(FirstFrame.kt:11)
	at FirstFrame.&lt;init&gt;(FirstFrame.kt:11)
	at FirstFrame.&lt;init&gt;(FirstFrame.kt:11)
	at FirstFrame.&lt;init&gt;(FirstFrame.kt:11)
	at FirstFrame.&lt;init&gt;(FirstFrame.kt:11)
	at FirstFrame.&lt;init&gt;(FirstFrame.kt:11)
	at FirstFrame.&lt;init&gt;(FirstFrame.kt:11)
	at FirstFrame.&lt;init&gt;(FirstFrame.kt:11)
	at FirstFrame.&lt;init&gt;(FirstFrame.kt:11)
	at FirstFrame.&lt;init&gt;(FirstFrame.kt:11)
	at FirstFrame.&lt;init&gt;(FirstFrame.kt:11)
	at FirstFrame.&lt;init&gt;(FirstFrame.kt:11)
	at FirstFrame.&lt;init&gt;(FirstFrame.kt:11)
	at FirstFrame.&lt;init&gt;(FirstFrame.kt:11)
	at FirstFrame.&lt;init&gt;(FirstFrame.kt:11)
	at FirstFrame.&lt;init&gt;(FirstFrame.kt:11)
	at FirstFrame.&lt;init&gt;(FirstFrame.kt:11)
	at FirstFrame.&lt;init&gt;(FirstFrame.kt:11)
	at FirstFrame.&lt;init&gt;(FirstFrame.kt:11)
	at FirstFrame.&lt;init&gt;(FirstFrame.kt:11)
	at FirstFrame.&lt;init&gt;(FirstFrame.kt:11)
	at FirstFrame.&lt;init&gt;(FirstFrame.kt:11)
	at FirstFrame.&lt;init&gt;(FirstFrame.kt:11)
	at FirstFrame.&lt;init&gt;(FirstFrame.kt:11)
	at FirstFrame.&lt;init&gt;(FirstFrame.kt:11)
	at FirstFrame.&lt;init&gt;(FirstFrame.kt:11)
	at FirstFrame.&lt;init&gt;(FirstFrame.kt:11)
	at FirstFrame.&lt;init&gt;(FirstFrame.kt:11)
	at FirstFrame.&lt;init&gt;(FirstFrame.kt:11)
	at FirstFrame.&lt;init&gt;(FirstFrame.kt:11)
	at FirstFrame.&lt;init&gt;(FirstFrame.kt:11)
	at FirstFrame.&lt;init&gt;(FirstFrame.kt:11)
	at FirstFrame.&lt;init&gt;(FirstFrame.kt:11)
	at FirstFrame.&lt;init&gt;(FirstFrame.kt:11)
	at FirstFrame.&lt;init&gt;(FirstFrame.kt:11)
	at FirstFrame.&lt;init&gt;(FirstFrame.kt:11)
	at FirstFrame.&lt;init&gt;(FirstFrame.kt:11)
	at FirstFrame.&lt;init&gt;(FirstFrame.kt:11)
	at FirstFrame.&lt;init&gt;(FirstFrame.kt:11)
	at FirstFrame.&lt;init&gt;(FirstFrame.kt:11)
	at FirstFrame.&lt;init&gt;(FirstFrame.kt:11)
	at FirstFrame.&lt;init&gt;(FirstFrame.kt:11)
	at FirstFrame.&lt;init&gt;(FirstFrame.kt:11)
	at FirstFrame.&lt;init&gt;(FirstFrame.kt:11)
	at FirstFrame.&lt;init&gt;(FirstFrame.kt:11)
	at FirstFrame.&lt;init&gt;(FirstFrame.kt:11)
	at FirstFrame.&lt;init&gt;(FirstFrame.kt:11)
	at FirstFrame.&lt;init&gt;(FirstFrame.kt:11)
	at FirstFrame.&lt;init&gt;(FirstFrame.kt:11)
	at FirstFrame.&lt;init&gt;(FirstFrame.kt:11)
	at FirstFrame.&lt;init&gt;(FirstFrame.kt:11)
	at FirstFrame.&lt;init&gt;(FirstFrame.kt:11)
	at FirstFrame.&lt;init&gt;(FirstFrame.kt:11)
	at FirstFrame.&lt;init&gt;(FirstFrame.kt:11)
	at FirstFrame.&lt;init&gt;(FirstFrame.kt:11)
	at FirstFrame.&lt;init&gt;(FirstFrame.kt:11)
	at FirstFrame.&lt;init&gt;(FirstFrame.kt:11)
	at FirstFrame.&lt;init&gt;(FirstFrame.kt:11)
	at FirstFrame.&lt;init&gt;(FirstFrame.kt:11)
	at FirstFrame.&lt;init&gt;(FirstFrame.kt:11)
	at FirstFrame.&lt;init&gt;(FirstFrame.kt:11)
	at FirstFrame.&lt;init&gt;(FirstFrame.kt:11)
	at FirstFrame.&lt;init&gt;(FirstFrame.kt:11)
	at FirstFrame.&lt;init&gt;(FirstFrame.kt:11)
	at FirstFrame.&lt;init&gt;(FirstFrame.kt:11)
	at FirstFrame.&lt;init&gt;(FirstFrame.kt:11)
	at FirstFrame.&lt;init&gt;(FirstFrame.kt:11)
	at FirstFrame.&lt;init&gt;(FirstFrame.kt:11)
	at FirstFrame.&lt;init&gt;(FirstFrame.kt:11)
	at FirstFrame.&lt;init&gt;(FirstFrame.kt:11)
	at FirstFrame.&lt;init&gt;(FirstFrame.kt:11)
	at FirstFrame.&lt;init&gt;(FirstFrame.kt:11)
	at FirstFrame.&lt;init&gt;(FirstFrame.kt:11)
	at FirstFrame.&lt;init&gt;(FirstFrame.kt:11)
	at FirstFrame.&lt;init&gt;(FirstFrame.kt:11)
	at FirstFrame.&lt;init&gt;(FirstFrame.kt:11)
	at FirstFrame.&lt;init&gt;(FirstFrame.kt:11)
	at FirstFrame.&lt;init&gt;(FirstFrame.kt:11)
	at FirstFrame.&lt;init&gt;(FirstFrame.kt:11)
	at FirstFrame.&lt;init&gt;(FirstFrame.kt:11)
	at FirstFrame.&lt;init&gt;(FirstFrame.kt:11)
	at FirstFrame.&lt;init&gt;(FirstFrame.kt:11)
	at FirstFrame.&lt;init&gt;(FirstFrame.kt:11)
	at FirstFrame.&lt;init&gt;(FirstFrame.kt:11)
	at FirstFrame.&lt;init&gt;(FirstFrame.kt:11)
	at FirstFrame.&lt;init&gt;(FirstFrame.kt:11)
	at FirstFrame.&lt;init&gt;(FirstFrame.kt:11)
	at FirstFrame.&lt;init&gt;(FirstFrame.kt:11)
	at FirstFrame.&lt;init&gt;(FirstFrame.kt:11)
	at FirstFrame.&lt;init&gt;(FirstFrame.kt:11)
	at FirstFrame.&lt;init&gt;(FirstFrame.kt:11)
	at FirstFrame.&lt;init&gt;(FirstFrame.kt:11)
	at FirstFrame.&lt;init&gt;(FirstFrame.kt:11)
	at FirstFrame.&lt;init&gt;(FirstFrame.kt:11)
	at FirstFrame.&lt;init&gt;(FirstFrame.kt:11)
	at FirstFrame.&lt;init&gt;(FirstFrame.kt:11)
	at FirstFrame.&lt;init&gt;(FirstFrame.kt:11)
	at FirstFrame.&lt;init&gt;(FirstFrame.kt:11)
	at FirstFrame.&lt;init&gt;(FirstFrame.kt:11)
	at FirstFrame.&lt;init&gt;(FirstFrame.kt:11)
	at FirstFrame.&lt;init&gt;(FirstFrame.kt:11)
	at FirstFrame.&lt;init&gt;(FirstFrame.kt:11)
	at FirstFrame.&lt;init&gt;(FirstFrame.kt:11)
	at FirstFrame.&lt;init&gt;(FirstFrame.kt:11)
	at FirstFrame.&lt;init&gt;(FirstFrame.kt:11)
	at FirstFrame.&lt;init&gt;(FirstFrame.kt:11)
	at FirstFrame.&lt;init&gt;(FirstFrame.kt:11)
	at FirstFrame.&lt;init&gt;(FirstFrame.kt:11)
	at FirstFrame.&lt;init&gt;(FirstFrame.kt:11)
	at FirstFrame.&lt;init&gt;(FirstFrame.kt:11)
	at FirstFrame.&lt;init&gt;(FirstFrame.kt:11)
	at FirstFrame.&lt;init&gt;(FirstFrame.kt:11)
	at FirstFrame.&lt;init&gt;(FirstFrame.kt:11)
	at FirstFrame.&lt;init&gt;(FirstFrame.kt:11)
	at FirstFrame.&lt;init&gt;(FirstFrame.kt:11)
	at FirstFrame.&lt;init&gt;(FirstFrame.kt:11)
	at FirstFrame.&lt;init&gt;(FirstFrame.kt:11)
	at FirstFrame.&lt;init&gt;(FirstFrame.kt:11)
	at FirstFrame.&lt;init&gt;(FirstFrame.kt:11)
	at FirstFrame.&lt;init&gt;(FirstFrame.kt:11)
	at FirstFrame.&lt;init&gt;(FirstFrame.kt:11)
	at FirstFrame.&lt;init&gt;(FirstFrame.kt:11)
	at FirstFrame.&lt;init&gt;(FirstFrame.kt:11)
	at FirstFrame.&lt;init&gt;(FirstFrame.kt:11)
	at FirstFrame.&lt;init&gt;(FirstFrame.kt:11)
	at FirstFrame.&lt;init&gt;(FirstFrame.kt:11)
	at FirstFrame.&lt;init&gt;(FirstFrame.kt:11)
	at FirstFrame.&lt;init&gt;(FirstFrame.kt:11)
	at FirstFrame.&lt;init&gt;(FirstFrame.kt:11)
	at FirstFrame.&lt;init&gt;(FirstFrame.kt:11)
	at FirstFrame.&lt;init&gt;(FirstFrame.kt:11)
	at FirstFrame.&lt;init&gt;(FirstFrame.kt:11)
	at FirstFrame.&lt;init&gt;(FirstFrame.kt:11)
	at FirstFrame.&lt;init&gt;(FirstFrame.kt:11)
	at FirstFrame.&lt;init&gt;(FirstFrame.kt:11)
	at FirstFrame.&lt;init&gt;(FirstFrame.kt:11)
	at FirstFrame.&lt;init&gt;(FirstFrame.kt:11)
	at FirstFrame.&lt;init&gt;(FirstFrame.kt:11)
	at FirstFrame.&lt;init&gt;(FirstFrame.kt:11)
	at FirstFrame.&lt;init&gt;(FirstFrame.kt:11)
	at FirstFrame.&lt;init&gt;(FirstFrame.kt:11)
	at FirstFrame.&lt;init&gt;(FirstFrame.kt:11)
	at FirstFrame.&lt;init&gt;(FirstFrame.kt:11)
	at FirstFrame.&lt;init&gt;(FirstFrame.kt:11)
	at FirstFrame.&lt;init&gt;(FirstFrame.kt:11)
	at FirstFrame.&lt;init&gt;(FirstFrame.kt:11)
	at FirstFrame.&lt;init&gt;(FirstFrame.kt:11)
	at FirstFrame.&lt;init&gt;(FirstFrame.kt:11)
	at FirstFrame.&lt;init&gt;(FirstFrame.kt:11)
	at FirstFrame.&lt;init&gt;(FirstFrame.kt:11)
	at FirstFrame.&lt;init&gt;(FirstFrame.kt:11)
	at FirstFrame.&lt;init&gt;(FirstFrame.kt:11)
	at FirstFrame.&lt;init&gt;(FirstFrame.kt:11)
	at FirstFrame.&lt;init&gt;(FirstFrame.kt:11)
	at FirstFrame.&lt;init&gt;(FirstFrame.kt:11)
	at FirstFrame.&lt;init&gt;(FirstFrame.kt:11)
	at FirstFrame.&lt;init&gt;(FirstFrame.kt:11)
	at FirstFrame.&lt;init&gt;(FirstFrame.kt:11)
	at FirstFrame.&lt;init&gt;(FirstFrame.kt:11)
	at FirstFrame.&lt;init&gt;(FirstFrame.kt:11)
	at FirstFrame.&lt;init&gt;(FirstFrame.kt:11)
	at FirstFrame.&lt;init&gt;(FirstFrame.kt:11)
	at FirstFrame.&lt;init&gt;(FirstFrame.kt:11)
	at FirstFrame.&lt;init&gt;(FirstFrame.kt:11)
	at FirstFrame.&lt;init&gt;(FirstFrame.kt:11)
	at FirstFrame.&lt;init&gt;(FirstFrame.kt:11)
	at FirstFrame.&lt;init&gt;(FirstFrame.kt:11)
	at FirstFrame.&lt;init&gt;(FirstFrame.kt:11)
	at FirstFrame.&lt;init&gt;(FirstFrame.kt:11)
	at FirstFrame.&lt;init&gt;(FirstFrame.kt:11)
	at FirstFrame.&lt;init&gt;(FirstFrame.kt:11)
	at FirstFrame.&lt;init&gt;(FirstFrame.kt:11)
	at FirstFrame.&lt;init&gt;(FirstFrame.kt:11)
	at FirstFrame.&lt;init&gt;(FirstFrame.kt:11)
	at FirstFrame.&lt;init&gt;(FirstFrame.kt:11)
	at FirstFrame.&lt;init&gt;(FirstFrame.kt:11)
	at FirstFrame.&lt;init&gt;(FirstFrame.kt:11)
	at FirstFrame.&lt;init&gt;(FirstFrame.kt:11)
	at FirstFrame.&lt;init&gt;(FirstFrame.kt:11)
	at FirstFrame.&lt;init&gt;(FirstFrame.kt:11)
	at FirstFrame.&lt;init&gt;(FirstFrame.kt:11)
	at FirstFrame.&lt;init&gt;(FirstFrame.kt:11)
	at FirstFrame.&lt;init&gt;(FirstFrame.kt:11)
	at FirstFrame.&lt;init&gt;(FirstFrame.kt:11)
	at FirstFrame.&lt;init&gt;(FirstFrame.kt:11)
	at FirstFrame.&lt;init&gt;(FirstFrame.kt:11)
	at FirstFrame.&lt;init&gt;(FirstFrame.kt:11)
	at FirstFrame.&lt;init&gt;(FirstFrame.kt:11)
	at FirstFrame.&lt;init&gt;(FirstFrame.kt:11)
	at FirstFrame.&lt;init&gt;(FirstFrame.kt:11)
	at FirstFrame.&lt;init&gt;(FirstFrame.kt:11)
	at FirstFrame.&lt;init&gt;(FirstFrame.kt:11)
	at FirstFrame.&lt;init&gt;(FirstFrame.kt:11)
	at FirstFrame.&lt;init&gt;(FirstFrame.kt:11)
	at FirstFrame.&lt;init&gt;(FirstFrame.kt:11)
	at FirstFrame.&lt;init&gt;(FirstFrame.kt:11)
	at FirstFrame.&lt;init&gt;(FirstFrame.kt:11)
	at FirstFrame.&lt;init&gt;(FirstFrame.kt:11)
	at FirstFrame.&lt;init&gt;(FirstFrame.kt:11)
	at FirstFrame.&lt;init&gt;(FirstFrame.kt:11)
	at FirstFrame.&lt;init&gt;(FirstFrame.kt:11)
	at FirstFrame.&lt;init&gt;(FirstFrame.kt:11)
	at FirstFrame.&lt;init&gt;(FirstFrame.kt:11)
	at FirstFrame.&lt;init&gt;(FirstFrame.kt:11)
	at FirstFrame.&lt;init&gt;(FirstFrame.kt:11)
	at FirstFrame.&lt;init&gt;(FirstFrame.kt:11)
	at FirstFrame.&lt;init&gt;(FirstFrame.kt:11)
	at FirstFrame.&lt;init&gt;(FirstFrame.kt:11)
	at FirstFrame.&lt;init&gt;(FirstFrame.kt:11)
	at FirstFrame.&lt;init&gt;(FirstFrame.kt:11)
	at FirstFrame.&lt;init&gt;(FirstFrame.kt:11)
	at FirstFrame.&lt;init&gt;(FirstFrame.kt:11)
	at FirstFrame.&lt;init&gt;(FirstFrame.kt:11)
	at FirstFrame.&lt;init&gt;(FirstFrame.kt:11)
	at FirstFrame.&lt;init&gt;(FirstFrame.kt:11)
	at FirstFrame.&lt;init&gt;(FirstFrame.kt:11)
	at FirstFrame.&lt;init&gt;(FirstFrame.kt:11)
	at FirstFrame.&lt;init&gt;(FirstFrame.kt:11)
	at FirstFrame.&lt;init&gt;(FirstFrame.kt:11)
	at FirstFrame.&lt;init&gt;(FirstFrame.kt:11)
	at FirstFrame.&lt;init&gt;(FirstFrame.kt:11)
	at FirstFrame.&lt;init&gt;(FirstFrame.kt:11)
	at FirstFrame.&lt;init&gt;(FirstFrame.kt:11)
	at FirstFrame.&lt;init&gt;(FirstFrame.kt:11)
	at FirstFrame.&lt;init&gt;(FirstFrame.kt:11)
	at FirstFrame.&lt;init&gt;(FirstFrame.kt:11)
	at FirstFrame.&lt;init&gt;(FirstFrame.kt:11)
	at FirstFrame.&lt;init&gt;(FirstFrame.kt:11)
	at FirstFrame.&lt;init&gt;(FirstFrame.kt:11)
	at FirstFrame.&lt;init&gt;(FirstFrame.kt:11)
	at FirstFrame.&lt;init&gt;(FirstFrame.kt:11)
	at FirstFrame.&lt;init&gt;(FirstFrame.kt:11)
	at FirstFrame.&lt;init&gt;(FirstFrame.kt:11)
	at FirstFrame.&lt;init&gt;(FirstFrame.kt:11)
	at FirstFrame.&lt;init&gt;(FirstFrame.kt:11)
	at FirstFrame.&lt;init&gt;(FirstFrame.kt:11)
	at FirstFrame.&lt;init&gt;(FirstFrame.kt:11)
	at FirstFrame.&lt;init&gt;(FirstFrame.kt:11)
	at FirstFrame.&lt;init&gt;(FirstFrame.kt:11)
	at FirstFrame.&lt;init&gt;(FirstFrame.kt:11)
	at FirstFrame.&lt;init&gt;(FirstFrame.kt:11)
	at FirstFrame.&lt;init&gt;(FirstFrame.kt:11)
	at FirstFrame.&lt;init&gt;(FirstFrame.kt:11)
	at FirstFrame.&lt;init&gt;(FirstFrame.kt:11)
	at FirstFrame.&lt;init&gt;(FirstFrame.kt:11)
	at FirstFrame.&lt;init&gt;(FirstFrame.kt:11)
	at FirstFrame.&lt;init&gt;(FirstFrame.kt:11)
	at FirstFrame.&lt;init&gt;(FirstFrame.kt:11)
	at FirstFrame.&lt;init&gt;(FirstFrame.kt:11)
	at FirstFrame.&lt;init&gt;(FirstFrame.kt:11)
	at FirstFrame.&lt;init&gt;(FirstFrame.kt:11)
	at FirstFrame.&lt;init&gt;(FirstFrame.kt:11)
	at FirstFrame.&lt;init&gt;(FirstFrame.kt:11)
	at FirstFrame.&lt;init&gt;(FirstFrame.kt:11)
	at FirstFrame.&lt;init&gt;(FirstFrame.kt:11)
	at FirstFrame.&lt;init&gt;(FirstFrame.kt:11)
	at FirstFrame.&lt;init&gt;(FirstFrame.kt:11)
	at FirstFrame.&lt;init&gt;(FirstFrame.kt:11)
	at FirstFrame.&lt;init&gt;(FirstFrame.kt:11)
	at FirstFrame.&lt;init&gt;(FirstFrame.kt:11)
	at FirstFrame.&lt;init&gt;(FirstFrame.kt:11)
	at FirstFrame.&lt;init&gt;(FirstFrame.kt:11)
	at FirstFrame.&lt;init&gt;(FirstFrame.kt:11)
	at FirstFrame.&lt;init&gt;(FirstFrame.kt:11)
	at FirstFrame.&lt;init&gt;(FirstFrame.kt:11)
	at FirstFrame.&lt;init&gt;(FirstFrame.kt:11)
	at FirstFrame.&lt;init&gt;(FirstFrame.kt:11)
	at FirstFrame.&lt;init&gt;(FirstFrame.kt:11)
	at FirstFrame.&lt;init&gt;(FirstFrame.kt:11)
	at FirstFrame.&lt;init&gt;(FirstFrame.kt:11)
	at FirstFrame.&lt;init&gt;(FirstFrame.kt:11)
	at FirstFrame.&lt;init&gt;(FirstFrame.kt:11)
	at FirstFrame.&lt;init&gt;(FirstFrame.kt:11)
	at FirstFrame.&lt;init&gt;(FirstFrame.kt:11)
	at FirstFrame.&lt;init&gt;(FirstFrame.kt:11)
	at FirstFrame.&lt;init&gt;(FirstFrame.kt:11)
	at FirstFrame.&lt;init&gt;(FirstFrame.kt:11)
	at FirstFrame.&lt;init&gt;(FirstFrame.kt:11)
	at FirstFrame.&lt;init&gt;(FirstFrame.kt:11)
	at FirstFrame.&lt;init&gt;(FirstFrame.kt:11)
	at FirstFrame.&lt;init&gt;(FirstFrame.kt:11)
	at FirstFrame.&lt;init&gt;(FirstFrame.kt:11)
	at FirstFrame.&lt;init&gt;(FirstFrame.kt:11)
	at FirstFrame.&lt;init&gt;(FirstFrame.kt:11)
	at FirstFrame.&lt;init&gt;(FirstFrame.kt:11)
	at FirstFrame.&lt;init&gt;(FirstFrame.kt:11)
	at FirstFrame.&lt;init&gt;(FirstFrame.kt:11)
	at FirstFrame.&lt;init&gt;(FirstFrame.kt:11)
	at FirstFrame.&lt;init&gt;(FirstFrame.kt:11)
	at FirstFrame.&lt;init&gt;(FirstFrame.kt:11)
	at FirstFrame.&lt;init&gt;(FirstFrame.kt:11)
	at FirstFrame.&lt;init&gt;(FirstFrame.kt:11)
	at FirstFrame.&lt;init&gt;(FirstFrame.kt:11)
	at FirstFrame.&lt;init&gt;(FirstFrame.kt:11)
	at FirstFrame.&lt;init&gt;(FirstFrame.kt:11)
	at FirstFrame.&lt;init&gt;(FirstFrame.kt:11)
	at FirstFrame.&lt;init&gt;(FirstFrame.kt:11)
	at FirstFrame.&lt;init&gt;(FirstFrame.kt:11)
	at FirstFrame.&lt;init&gt;(FirstFrame.kt:11)
	at FirstFrame.&lt;init&gt;(FirstFrame.kt:11)
	at FirstFrame.&lt;init&gt;(FirstFrame.kt:11)
	at FirstFrame.&lt;init&gt;(FirstFrame.kt:11)
	at FirstFrame.&lt;init&gt;(FirstFrame.kt:11)
	at FirstFrame.&lt;init&gt;(FirstFrame.kt:11)
	at FirstFrame.&lt;init&gt;(FirstFrame.kt:11)
	at FirstFrame.&lt;init&gt;(FirstFrame.kt:11)
	at FirstFrame.&lt;init&gt;(FirstFrame.kt:11)
	at FirstFrame.&lt;init&gt;(FirstFrame.kt:11)
	at FirstFrame.&lt;init&gt;(FirstFrame.kt:11)
	at FirstFrame.&lt;init&gt;(FirstFrame.kt:11)
	at FirstFrame.&lt;init&gt;(FirstFrame.kt:11)
	at FirstFrame.&lt;init&gt;(FirstFrame.kt:11)
	at FirstFrame.&lt;init&gt;(FirstFrame.kt:11)
	at FirstFrame.&lt;init&gt;(FirstFrame.kt:11)
	at FirstFrame.&lt;init&gt;(FirstFrame.kt:11)
	at FirstFrame.&lt;init&gt;(FirstFrame.kt:11)
	at FirstFrame.&lt;init&gt;(FirstFrame.kt:11)
	at FirstFrame.&lt;init&gt;(FirstFrame.kt:11)
	at FirstFrame.&lt;init&gt;(FirstFrame.kt:11)
	at FirstFrame.&lt;init&gt;(FirstFrame.kt:11)
	at FirstFrame.&lt;init&gt;(FirstFrame.kt:11)
	at FirstFrame.&lt;init&gt;(FirstFrame.kt:11)
	at FirstFrame.&lt;init&gt;(FirstFrame.kt:11)
	at FirstFrame.&lt;init&gt;(FirstFrame.kt:11)
	at FirstFrame.&lt;init&gt;(FirstFrame.kt:11)
	at FirstFrame.&lt;init&gt;(FirstFrame.kt:11)
	at FirstFrame.&lt;init&gt;(FirstFrame.kt:11)
	at FirstFrame.&lt;init&gt;(FirstFrame.kt:11)
	at FirstFrame.&lt;init&gt;(FirstFrame.kt:11)
	at FirstFrame.&lt;init&gt;(FirstFrame.kt:11)
	at FirstFrame.&lt;init&gt;(FirstFrame.kt:11)
	at FirstFrame.&lt;init&gt;(FirstFrame.kt:11)
	at FirstFrame.&lt;init&gt;(FirstFrame.kt:11)
	at FirstFrame.&lt;init&gt;(FirstFrame.kt:11)
	at FirstFrame.&lt;init&gt;(FirstFrame.kt:11)
	at FirstFrame.&lt;init&gt;(FirstFrame.kt:11)
	at FirstFrame.&lt;init&gt;(FirstFrame.kt:11)
	at FirstFrame.&lt;init&gt;(FirstFrame.kt:11)
	at FirstFrame.&lt;init&gt;(FirstFrame.kt:11)
	at FirstFrame.&lt;init&gt;(FirstFrame.kt:11)
	at FirstFrame.&lt;init&gt;(FirstFrame.kt:11)
	at FirstFrame.&lt;init&gt;(FirstFrame.kt:11)
	at FirstFrame.&lt;init&gt;(FirstFrame.kt:11)
	at FirstFrame.&lt;init&gt;(FirstFrame.kt:11)
	at FirstFrame.&lt;init&gt;(FirstFrame.kt:11)
	at FirstFrame.&lt;init&gt;(FirstFrame.kt:11)
	at FirstFrame.&lt;init&gt;(FirstFrame.kt:11)
	at FirstFrame.&lt;init&gt;(FirstFrame.kt:11)
	at FirstFrame.&lt;init&gt;(FirstFrame.kt:11)
	at FirstFrame.&lt;init&gt;(FirstFrame.kt:11)
	at FirstFrame.&lt;init&gt;(FirstFrame.kt:11)
	at FirstFrame.&lt;init&gt;(FirstFrame.kt:11)
	at FirstFrame.&lt;init&gt;(FirstFrame.kt:11)
	at FirstFrame.&lt;init&gt;(FirstFrame.kt:11)
	at FirstFrame.&lt;init&gt;(FirstFrame.kt:11)
	at FirstFrame.&lt;init&gt;(FirstFrame.kt:11)
	at FirstFrame.&lt;init&gt;(FirstFrame.kt:11)
	at FirstFrame.&lt;init&gt;(FirstFrame.kt:11)
	at FirstFrame.&lt;init&gt;(FirstFrame.kt:11)
	at FirstFrame.&lt;init&gt;(FirstFrame.kt:11)
	at FirstFrame.&lt;init&gt;(FirstFrame.kt:11)
	at FirstFrame.&lt;init&gt;(FirstFrame.kt:11)
	at FirstFrame.&lt;init&gt;(FirstFrame.kt:11)
	at FirstFrame.&lt;init&gt;(FirstFrame.kt:11)
	at FirstFrame.&lt;init&gt;(FirstFrame.kt:11)
	at FirstFrame.&lt;init&gt;(FirstFrame.kt:11)
	at FirstFrame.&lt;init&gt;(FirstFrame.kt:11)
	at FirstFrame.&lt;init&gt;(FirstFrame.kt:11)
	at FirstFrame.&lt;init&gt;(FirstFrame.kt:11)
</failure>
  </testcase>
  <system-out><![CDATA[]]></system-out>
  <system-err><![CDATA[]]></system-err>
</testsuite>
